{"D:\\Hacktiv8XZakatloop\\Phase-2\\projects\\IP-arvinaufal-RMT42\\server\\app.js": {"path":"D:\\Hacktiv8XZakatloop\\Phase-2\\projects\\IP-arvinaufal-RMT42\\server\\app.js","statementMap":{"0":{"start":{"line":1,"column":0},"end":{"line":3,"column":1}},"1":{"start":{"line":2,"column":4},"end":{"line":2,"column":31}},"2":{"start":{"line":5,"column":16},"end":{"line":5,"column":34}},"3":{"start":{"line":6,"column":13},"end":{"line":6,"column":28}},"4":{"start":{"line":7,"column":12},"end":{"line":7,"column":21}},"5":{"start":{"line":9,"column":0},"end":{"line":9,"column":16}},"6":{"start":{"line":10,"column":0},"end":{"line":10,"column":24}},"7":{"start":{"line":11,"column":0},"end":{"line":11,"column":48}},"8":{"start":{"line":12,"column":0},"end":{"line":12,"column":29}},"9":{"start":{"line":14,"column":0},"end":{"line":14,"column":21}}},"fnMap":{},"branchMap":{"0":{"loc":{"start":{"line":1,"column":0},"end":{"line":3,"column":1}},"type":"if","locations":[{"start":{"line":1,"column":0},"end":{"line":3,"column":1}},{"start":{},"end":{}}],"line":1}},"s":{"0":1,"1":1,"2":1,"3":1,"4":1,"5":1,"6":1,"7":1,"8":1,"9":1},"f":{},"b":{"0":[1,0]},"_coverageSchema":"1a1c01bbd47fc00a2c39e90264f33305004495a9","hash":"bbee6a6c8c78c4c34676394bb03d083a03ff347d"}
,"D:\\Hacktiv8XZakatloop\\Phase-2\\projects\\IP-arvinaufal-RMT42\\server\\controllers\\BookController.js": {"path":"D:\\Hacktiv8XZakatloop\\Phase-2\\projects\\IP-arvinaufal-RMT42\\server\\controllers\\BookController.js","statementMap":{"0":{"start":{"line":1,"column":15},"end":{"line":1,"column":35}},"1":{"start":{"line":2,"column":34},"end":{"line":2,"column":54}},"2":{"start":{"line":3,"column":38},"end":{"line":3,"column":66}},"3":{"start":{"line":4,"column":24},"end":{"line":4,"column":57}},"4":{"start":{"line":8,"column":53},"end":{"line":8,"column":62}},"5":{"start":{"line":9,"column":27},"end":{"line":9,"column":37}},"6":{"start":{"line":10,"column":27},"end":{"line":15,"column":9}},"7":{"start":{"line":17,"column":8},"end":{"line":17,"column":55}},"8":{"start":{"line":17,"column":20},"end":{"line":17,"column":55}},"9":{"start":{"line":19,"column":8},"end":{"line":29,"column":9}},"10":{"start":{"line":20,"column":12},"end":{"line":28,"column":13}},"11":{"start":{"line":21,"column":37},"end":{"line":25,"column":23}},"12":{"start":{"line":23,"column":33},"end":{"line":25,"column":21}},"13":{"start":{"line":27,"column":16},"end":{"line":27,"column":98}},"14":{"start":{"line":27,"column":40},"end":{"line":27,"column":98}},"15":{"start":{"line":31,"column":8},"end":{"line":31,"column":26}},"16":{"start":{"line":32,"column":8},"end":{"line":32,"column":101}},"17":{"start":{"line":32,"column":50},"end":{"line":32,"column":101}},"18":{"start":{"line":33,"column":8},"end":{"line":33,"column":85}},"19":{"start":{"line":33,"column":58},"end":{"line":33,"column":85}},"20":{"start":{"line":34,"column":8},"end":{"line":34,"column":105}},"21":{"start":{"line":34,"column":60},"end":{"line":34,"column":105}},"22":{"start":{"line":36,"column":8},"end":{"line":36,"column":62}},"23":{"start":{"line":38,"column":8},"end":{"line":51,"column":9}},"24":{"start":{"line":39,"column":26},"end":{"line":39,"column":66}},"25":{"start":{"line":40,"column":26},"end":{"line":46,"column":13}},"26":{"start":{"line":47,"column":12},"end":{"line":47,"column":40}},"27":{"start":{"line":49,"column":32},"end":{"line":49,"column":88}},"28":{"start":{"line":50,"column":12},"end":{"line":50,"column":24}},"29":{"start":{"line":55,"column":8},"end":{"line":61,"column":9}},"30":{"start":{"line":56,"column":25},"end":{"line":56,"column":59}},"31":{"start":{"line":57,"column":12},"end":{"line":57,"column":52}},"32":{"start":{"line":57,"column":23},"end":{"line":57,"column":52}},"33":{"start":{"line":58,"column":12},"end":{"line":58,"column":39}},"34":{"start":{"line":60,"column":12},"end":{"line":60,"column":24}},"35":{"start":{"line":65,"column":140},"end":{"line":65,"column":148}},"36":{"start":{"line":66,"column":8},"end":{"line":71,"column":9}},"37":{"start":{"line":67,"column":25},"end":{"line":67,"column":167}},"38":{"start":{"line":68,"column":12},"end":{"line":68,"column":39}},"39":{"start":{"line":70,"column":12},"end":{"line":70,"column":24}},"40":{"start":{"line":75,"column":140},"end":{"line":75,"column":148}},"41":{"start":{"line":76,"column":8},"end":{"line":84,"column":9}},"42":{"start":{"line":77,"column":23},"end":{"line":77,"column":57}},"43":{"start":{"line":78,"column":12},"end":{"line":78,"column":52}},"44":{"start":{"line":78,"column":23},"end":{"line":78,"column":52}},"45":{"start":{"line":80,"column":12},"end":{"line":80,"column":155}},"46":{"start":{"line":81,"column":12},"end":{"line":81,"column":39}},"47":{"start":{"line":83,"column":12},"end":{"line":83,"column":24}},"48":{"start":{"line":88,"column":27},"end":{"line":88,"column":37}},"49":{"start":{"line":89,"column":8},"end":{"line":98,"column":9}},"50":{"start":{"line":90,"column":23},"end":{"line":90,"column":50}},"51":{"start":{"line":92,"column":12},"end":{"line":92,"column":52}},"52":{"start":{"line":92,"column":23},"end":{"line":92,"column":52}},"53":{"start":{"line":94,"column":12},"end":{"line":94,"column":33}},"54":{"start":{"line":95,"column":12},"end":{"line":95,"column":92}},"55":{"start":{"line":97,"column":12},"end":{"line":97,"column":24}},"56":{"start":{"line":102,"column":25},"end":{"line":102,"column":33}},"57":{"start":{"line":103,"column":8},"end":{"line":124,"column":9}},"58":{"start":{"line":104,"column":26},"end":{"line":104,"column":49}},"59":{"start":{"line":105,"column":30},"end":{"line":105,"column":43}},"60":{"start":{"line":106,"column":26},"end":{"line":106,"column":57}},"61":{"start":{"line":107,"column":23},"end":{"line":107,"column":31}},"62":{"start":{"line":109,"column":33},"end":{"line":116,"column":14}},"63":{"start":{"line":118,"column":12},"end":{"line":118,"column":74}},"64":{"start":{"line":119,"column":23},"end":{"line":119,"column":47}},"65":{"start":{"line":121,"column":12},"end":{"line":121,"column":85}},"66":{"start":{"line":123,"column":12},"end":{"line":123,"column":24}},"67":{"start":{"line":129,"column":0},"end":{"line":129,"column":32}},"68":{"start":{"line":136,"column":38},"end":{"line":136,"column":37706}},"69":{"start":{"line":136,"column":42},"end":{"line":136,"column":37695}},"70":{"start":{"line":136,"column":37731},"end":{"line":136,"column":37771}},"71":{"start":{"line":136,"column":37735},"end":{"line":136,"column":37760}},"72":{"start":{"line":136,"column":37772},"end":{"line":136,"column":37780}},"73":{"start":{"line":136,"column":37805},"end":{"line":136,"column":37847}},"74":{"start":{"line":136,"column":37809},"end":{"line":136,"column":37836}},"75":{"start":{"line":136,"column":37848},"end":{"line":136,"column":37856}},"76":{"start":{"line":136,"column":37875},"end":{"line":136,"column":37912}},"77":{"start":{"line":136,"column":37879},"end":{"line":136,"column":37901}},"78":{"start":{"line":136,"column":37931},"end":{"line":136,"column":37971}},"79":{"start":{"line":136,"column":37935},"end":{"line":136,"column":37960}}},"fnMap":{"0":{"name":"(anonymous_0)","decl":{"start":{"line":7,"column":4},"end":{"line":7,"column":5}},"loc":{"start":{"line":7,"column":40},"end":{"line":52,"column":5}},"line":7},"1":{"name":"(anonymous_1)","decl":{"start":{"line":23,"column":25},"end":{"line":23,"column":26}},"loc":{"start":{"line":23,"column":33},"end":{"line":25,"column":21}},"line":23},"2":{"name":"(anonymous_2)","decl":{"start":{"line":54,"column":4},"end":{"line":54,"column":5}},"loc":{"start":{"line":54,"column":41},"end":{"line":62,"column":5}},"line":54},"3":{"name":"(anonymous_3)","decl":{"start":{"line":64,"column":4},"end":{"line":64,"column":5}},"loc":{"start":{"line":64,"column":40},"end":{"line":72,"column":5}},"line":64},"4":{"name":"(anonymous_4)","decl":{"start":{"line":74,"column":4},"end":{"line":74,"column":5}},"loc":{"start":{"line":74,"column":40},"end":{"line":85,"column":5}},"line":74},"5":{"name":"(anonymous_5)","decl":{"start":{"line":87,"column":4},"end":{"line":87,"column":5}},"loc":{"start":{"line":87,"column":40},"end":{"line":99,"column":5}},"line":87},"6":{"name":"(anonymous_6)","decl":{"start":{"line":101,"column":4},"end":{"line":101,"column":5}},"loc":{"start":{"line":101,"column":42},"end":{"line":125,"column":5}},"line":101},"7":{"name":"oo_cm","decl":{"start":{"line":136,"column":30},"end":{"line":136,"column":35}},"loc":{"start":{"line":136,"column":37},"end":{"line":136,"column":37707}},"line":136},"8":{"name":"oo_oo","decl":{"start":{"line":136,"column":37717},"end":{"line":136,"column":37722}},"loc":{"start":{"line":136,"column":37730},"end":{"line":136,"column":37781}},"line":136},"9":{"name":"oo_tr","decl":{"start":{"line":136,"column":37791},"end":{"line":136,"column":37796}},"loc":{"start":{"line":136,"column":37804},"end":{"line":136,"column":37857}},"line":136},"10":{"name":"oo_ts","decl":{"start":{"line":136,"column":37867},"end":{"line":136,"column":37872}},"loc":{"start":{"line":136,"column":37874},"end":{"line":136,"column":37913}},"line":136},"11":{"name":"oo_te","decl":{"start":{"line":136,"column":37923},"end":{"line":136,"column":37928}},"loc":{"start":{"line":136,"column":37930},"end":{"line":136,"column":37972}},"line":136}},"branchMap":{"0":{"loc":{"start":{"line":8,"column":22},"end":{"line":8,"column":30}},"type":"default-arg","locations":[{"start":{"line":8,"column":29},"end":{"line":8,"column":30}}],"line":8},"1":{"loc":{"start":{"line":17,"column":8},"end":{"line":17,"column":55}},"type":"if","locations":[{"start":{"line":17,"column":8},"end":{"line":17,"column":55}},{"start":{},"end":{}}],"line":17},"2":{"loc":{"start":{"line":19,"column":8},"end":{"line":29,"column":9}},"type":"if","locations":[{"start":{"line":19,"column":8},"end":{"line":29,"column":9}},{"start":{},"end":{}}],"line":19},"3":{"loc":{"start":{"line":19,"column":12},"end":{"line":19,"column":35}},"type":"binary-expr","locations":[{"start":{"line":19,"column":12},"end":{"line":19,"column":18}},{"start":{"line":19,"column":22},"end":{"line":19,"column":35}}],"line":19},"4":{"loc":{"start":{"line":20,"column":12},"end":{"line":28,"column":13}},"type":"if","locations":[{"start":{"line":20,"column":12},"end":{"line":28,"column":13}},{"start":{},"end":{}}],"line":20},"5":{"loc":{"start":{"line":20,"column":16},"end":{"line":20,"column":80}},"type":"binary-expr","locations":[{"start":{"line":20,"column":16},"end":{"line":20,"column":38}},{"start":{"line":20,"column":42},"end":{"line":20,"column":80}}],"line":20},"6":{"loc":{"start":{"line":27,"column":16},"end":{"line":27,"column":98}},"type":"if","locations":[{"start":{"line":27,"column":16},"end":{"line":27,"column":98}},{"start":{},"end":{}}],"line":27},"7":{"loc":{"start":{"line":31,"column":15},"end":{"line":31,"column":25}},"type":"binary-expr","locations":[{"start":{"line":31,"column":15},"end":{"line":31,"column":20}},{"start":{"line":31,"column":24},"end":{"line":31,"column":25}}],"line":31},"8":{"loc":{"start":{"line":32,"column":8},"end":{"line":32,"column":101}},"type":"if","locations":[{"start":{"line":32,"column":8},"end":{"line":32,"column":101}},{"start":{},"end":{}}],"line":32},"9":{"loc":{"start":{"line":32,"column":12},"end":{"line":32,"column":48}},"type":"binary-expr","locations":[{"start":{"line":32,"column":12},"end":{"line":32,"column":20}},{"start":{"line":32,"column":24},"end":{"line":32,"column":48}}],"line":32},"10":{"loc":{"start":{"line":33,"column":8},"end":{"line":33,"column":85}},"type":"if","locations":[{"start":{"line":33,"column":8},"end":{"line":33,"column":85}},{"start":{},"end":{}}],"line":33},"11":{"loc":{"start":{"line":33,"column":12},"end":{"line":33,"column":56}},"type":"binary-expr","locations":[{"start":{"line":33,"column":12},"end":{"line":33,"column":24}},{"start":{"line":33,"column":28},"end":{"line":33,"column":56}}],"line":33},"12":{"loc":{"start":{"line":34,"column":8},"end":{"line":34,"column":105}},"type":"if","locations":[{"start":{"line":34,"column":8},"end":{"line":34,"column":105}},{"start":{},"end":{}}],"line":34},"13":{"loc":{"start":{"line":34,"column":12},"end":{"line":34,"column":58}},"type":"binary-expr","locations":[{"start":{"line":34,"column":12},"end":{"line":34,"column":25}},{"start":{"line":34,"column":29},"end":{"line":34,"column":58}}],"line":34},"14":{"loc":{"start":{"line":57,"column":12},"end":{"line":57,"column":52}},"type":"if","locations":[{"start":{"line":57,"column":12},"end":{"line":57,"column":52}},{"start":{},"end":{}}],"line":57},"15":{"loc":{"start":{"line":78,"column":12},"end":{"line":78,"column":52}},"type":"if","locations":[{"start":{"line":78,"column":12},"end":{"line":78,"column":52}},{"start":{},"end":{}}],"line":78},"16":{"loc":{"start":{"line":92,"column":12},"end":{"line":92,"column":52}},"type":"if","locations":[{"start":{"line":92,"column":12},"end":{"line":92,"column":52}},{"start":{},"end":{}}],"line":92},"17":{"loc":{"start":{"line":118,"column":12},"end":{"line":118,"column":73}},"type":"cond-expr","locations":[{"start":{"line":118,"column":28},"end":{"line":118,"column":51}},{"start":{"line":118,"column":54},"end":{"line":118,"column":73}}],"line":118},"18":{"loc":{"start":{"line":119,"column":23},"end":{"line":119,"column":47}},"type":"cond-expr","locations":[{"start":{"line":119,"column":38},"end":{"line":119,"column":41}},{"start":{"line":119,"column":44},"end":{"line":119,"column":47}}],"line":119},"19":{"loc":{"start":{"line":136,"column":49},"end":{"line":136,"column":37694}},"type":"binary-expr","locations":[{"start":{"line":136,"column":49},"end":{"line":136,"column":86}},{"start":{"line":136,"column":90},"end":{"line":136,"column":37694}}],"line":136}},"s":{"0":1,"1":1,"2":1,"3":1,"4":0,"5":0,"6":0,"7":0,"8":0,"9":0,"10":0,"11":0,"12":0,"13":0,"14":0,"15":0,"16":0,"17":0,"18":0,"19":0,"20":0,"21":0,"22":0,"23":0,"24":0,"25":0,"26":0,"27":0,"28":0,"29":0,"30":0,"31":0,"32":0,"33":0,"34":0,"35":0,"36":0,"37":0,"38":0,"39":0,"40":0,"41":0,"42":0,"43":0,"44":0,"45":0,"46":0,"47":0,"48":0,"49":0,"50":0,"51":0,"52":0,"53":0,"54":0,"55":0,"56":0,"57":0,"58":0,"59":0,"60":0,"61":0,"62":0,"63":0,"64":0,"65":0,"66":0,"67":1,"68":0,"69":0,"70":0,"71":0,"72":0,"73":0,"74":0,"75":0,"76":0,"77":0,"78":0,"79":0},"f":{"0":0,"1":0,"2":0,"3":0,"4":0,"5":0,"6":0,"7":0,"8":0,"9":0,"10":0,"11":0},"b":{"0":[0],"1":[0,0],"2":[0,0],"3":[0,0],"4":[0,0],"5":[0,0],"6":[0,0],"7":[0,0],"8":[0,0],"9":[0,0],"10":[0,0],"11":[0,0],"12":[0,0],"13":[0,0],"14":[0,0],"15":[0,0],"16":[0,0],"17":[0,0],"18":[0,0],"19":[0,0]},"_coverageSchema":"1a1c01bbd47fc00a2c39e90264f33305004495a9","hash":"820ba8efa2a4b9d01f36abbdea322a0cdbff1b0d"}
,"D:\\Hacktiv8XZakatloop\\Phase-2\\projects\\IP-arvinaufal-RMT42\\server\\controllers\\HistoryController.js": {"path":"D:\\Hacktiv8XZakatloop\\Phase-2\\projects\\IP-arvinaufal-RMT42\\server\\controllers\\HistoryController.js","statementMap":{"0":{"start":{"line":1,"column":15},"end":{"line":1,"column":32}},"1":{"start":{"line":2,"column":20},"end":{"line":2,"column":40}},"2":{"start":{"line":3,"column":37},"end":{"line":3,"column":65}},"3":{"start":{"line":7,"column":27},"end":{"line":7,"column":37}},"4":{"start":{"line":8,"column":8},"end":{"line":21,"column":9}},"5":{"start":{"line":9,"column":28},"end":{"line":9,"column":99}},"6":{"start":{"line":10,"column":29},"end":{"line":11,"column":100}},"7":{"start":{"line":12,"column":28},"end":{"line":12,"column":44}},"8":{"start":{"line":13,"column":12},"end":{"line":13,"column":52}},"9":{"start":{"line":14,"column":12},"end":{"line":14,"column":46}},"10":{"start":{"line":15,"column":12},"end":{"line":17,"column":15}},"11":{"start":{"line":19,"column":32},"end":{"line":19,"column":88}},"12":{"start":{"line":20,"column":12},"end":{"line":20,"column":24}},"13":{"start":{"line":25,"column":27},"end":{"line":25,"column":35}},"14":{"start":{"line":26,"column":30},"end":{"line":26,"column":40}},"15":{"start":{"line":27,"column":8},"end":{"line":36,"column":9}},"16":{"start":{"line":28,"column":28},"end":{"line":28,"column":55}},"17":{"start":{"line":29,"column":26},"end":{"line":29,"column":68}},"18":{"start":{"line":30,"column":24},"end":{"line":30,"column":37}},"19":{"start":{"line":31,"column":12},"end":{"line":31,"column":73}},"20":{"start":{"line":32,"column":12},"end":{"line":32,"column":87}},"21":{"start":{"line":34,"column":32},"end":{"line":34,"column":88}},"22":{"start":{"line":35,"column":12},"end":{"line":35,"column":24}},"23":{"start":{"line":40,"column":38},"end":{"line":40,"column":48}},"24":{"start":{"line":41,"column":8},"end":{"line":48,"column":9}},"25":{"start":{"line":42,"column":28},"end":{"line":42,"column":55}},"26":{"start":{"line":43,"column":12},"end":{"line":43,"column":39}},"27":{"start":{"line":44,"column":12},"end":{"line":44,"column":75}},"28":{"start":{"line":46,"column":32},"end":{"line":46,"column":88}},"29":{"start":{"line":47,"column":12},"end":{"line":47,"column":24}},"30":{"start":{"line":52,"column":0},"end":{"line":52,"column":35}},"31":{"start":{"line":59,"column":38},"end":{"line":59,"column":37706}},"32":{"start":{"line":59,"column":42},"end":{"line":59,"column":37695}},"33":{"start":{"line":59,"column":37731},"end":{"line":59,"column":37771}},"34":{"start":{"line":59,"column":37735},"end":{"line":59,"column":37760}},"35":{"start":{"line":59,"column":37772},"end":{"line":59,"column":37780}},"36":{"start":{"line":59,"column":37805},"end":{"line":59,"column":37847}},"37":{"start":{"line":59,"column":37809},"end":{"line":59,"column":37836}},"38":{"start":{"line":59,"column":37848},"end":{"line":59,"column":37856}},"39":{"start":{"line":59,"column":37875},"end":{"line":59,"column":37912}},"40":{"start":{"line":59,"column":37879},"end":{"line":59,"column":37901}},"41":{"start":{"line":59,"column":37931},"end":{"line":59,"column":37971}},"42":{"start":{"line":59,"column":37935},"end":{"line":59,"column":37960}}},"fnMap":{"0":{"name":"(anonymous_0)","decl":{"start":{"line":6,"column":4},"end":{"line":6,"column":5}},"loc":{"start":{"line":6,"column":40},"end":{"line":22,"column":5}},"line":6},"1":{"name":"(anonymous_1)","decl":{"start":{"line":24,"column":4},"end":{"line":24,"column":5}},"loc":{"start":{"line":24,"column":44},"end":{"line":37,"column":5}},"line":24},"2":{"name":"(anonymous_2)","decl":{"start":{"line":39,"column":4},"end":{"line":39,"column":5}},"loc":{"start":{"line":39,"column":46},"end":{"line":49,"column":5}},"line":39},"3":{"name":"oo_cm","decl":{"start":{"line":59,"column":30},"end":{"line":59,"column":35}},"loc":{"start":{"line":59,"column":37},"end":{"line":59,"column":37707}},"line":59},"4":{"name":"oo_oo","decl":{"start":{"line":59,"column":37717},"end":{"line":59,"column":37722}},"loc":{"start":{"line":59,"column":37730},"end":{"line":59,"column":37781}},"line":59},"5":{"name":"oo_tr","decl":{"start":{"line":59,"column":37791},"end":{"line":59,"column":37796}},"loc":{"start":{"line":59,"column":37804},"end":{"line":59,"column":37857}},"line":59},"6":{"name":"oo_ts","decl":{"start":{"line":59,"column":37867},"end":{"line":59,"column":37872}},"loc":{"start":{"line":59,"column":37874},"end":{"line":59,"column":37913}},"line":59},"7":{"name":"oo_te","decl":{"start":{"line":59,"column":37923},"end":{"line":59,"column":37928}},"loc":{"start":{"line":59,"column":37930},"end":{"line":59,"column":37972}},"line":59}},"branchMap":{"0":{"loc":{"start":{"line":59,"column":49},"end":{"line":59,"column":37694}},"type":"binary-expr","locations":[{"start":{"line":59,"column":49},"end":{"line":59,"column":86}},{"start":{"line":59,"column":90},"end":{"line":59,"column":37694}}],"line":59}},"s":{"0":1,"1":1,"2":1,"3":0,"4":0,"5":0,"6":0,"7":0,"8":0,"9":0,"10":0,"11":0,"12":0,"13":0,"14":0,"15":0,"16":0,"17":0,"18":0,"19":0,"20":0,"21":0,"22":0,"23":0,"24":0,"25":0,"26":0,"27":0,"28":0,"29":0,"30":1,"31":0,"32":0,"33":0,"34":0,"35":0,"36":0,"37":0,"38":0,"39":0,"40":0,"41":0,"42":0},"f":{"0":0,"1":0,"2":0,"3":0,"4":0,"5":0,"6":0,"7":0},"b":{"0":[0,0]},"_coverageSchema":"1a1c01bbd47fc00a2c39e90264f33305004495a9","hash":"81d5aca73b870832d19f10d4dc40baefb738dad1"}
,"D:\\Hacktiv8XZakatloop\\Phase-2\\projects\\IP-arvinaufal-RMT42\\server\\controllers\\UserController.js": {"path":"D:\\Hacktiv8XZakatloop\\Phase-2\\projects\\IP-arvinaufal-RMT42\\server\\controllers\\UserController.js","statementMap":{"0":{"start":{"line":1,"column":26},"end":{"line":1,"column":56}},"1":{"start":{"line":2,"column":24},"end":{"line":2,"column":49}},"2":{"start":{"line":3,"column":38},"end":{"line":3,"column":58}},"3":{"start":{"line":4,"column":25},"end":{"line":4,"column":55}},"4":{"start":{"line":5,"column":15},"end":{"line":5,"column":33}},"5":{"start":{"line":9,"column":8},"end":{"line":30,"column":9}},"6":{"start":{"line":10,"column":26},"end":{"line":25,"column":14}},"7":{"start":{"line":27,"column":12},"end":{"line":27,"column":45}},"8":{"start":{"line":29,"column":12},"end":{"line":29,"column":24}},"9":{"start":{"line":34,"column":8},"end":{"line":48,"column":9}},"10":{"start":{"line":35,"column":25},"end":{"line":41,"column":14}},"11":{"start":{"line":43,"column":12},"end":{"line":43,"column":52}},"12":{"start":{"line":43,"column":23},"end":{"line":43,"column":52}},"13":{"start":{"line":45,"column":12},"end":{"line":45,"column":44}},"14":{"start":{"line":47,"column":12},"end":{"line":47,"column":24}},"15":{"start":{"line":52,"column":110},"end":{"line":52,"column":122}},"16":{"start":{"line":53,"column":8},"end":{"line":61,"column":9}},"17":{"start":{"line":54,"column":32},"end":{"line":54,"column":131}},"18":{"start":{"line":55,"column":25},"end":{"line":55,"column":92}},"19":{"start":{"line":56,"column":12},"end":{"line":56,"column":80}},"20":{"start":{"line":58,"column":12},"end":{"line":58,"column":91}},"21":{"start":{"line":60,"column":12},"end":{"line":60,"column":24}},"22":{"start":{"line":65,"column":69},"end":{"line":65,"column":81}},"23":{"start":{"line":66,"column":8},"end":{"line":79,"column":9}},"24":{"start":{"line":67,"column":23},"end":{"line":71,"column":14}},"25":{"start":{"line":73,"column":12},"end":{"line":73,"column":61}},"26":{"start":{"line":74,"column":12},"end":{"line":74,"column":68}},"27":{"start":{"line":76,"column":12},"end":{"line":76,"column":44}},"28":{"start":{"line":78,"column":12},"end":{"line":78,"column":24}},"29":{"start":{"line":83,"column":8},"end":{"line":90,"column":9}},"30":{"start":{"line":84,"column":23},"end":{"line":84,"column":61}},"31":{"start":{"line":86,"column":12},"end":{"line":86,"column":33}},"32":{"start":{"line":87,"column":12},"end":{"line":87,"column":97}},"33":{"start":{"line":89,"column":12},"end":{"line":89,"column":24}},"34":{"start":{"line":94,"column":36},"end":{"line":94,"column":48}},"35":{"start":{"line":95,"column":8},"end":{"line":107,"column":9}},"36":{"start":{"line":96,"column":12},"end":{"line":96,"column":71}},"37":{"start":{"line":96,"column":40},"end":{"line":96,"column":71}},"38":{"start":{"line":97,"column":12},"end":{"line":97,"column":80}},"39":{"start":{"line":97,"column":46},"end":{"line":97,"column":80}},"40":{"start":{"line":99,"column":25},"end":{"line":99,"column":65}},"41":{"start":{"line":100,"column":12},"end":{"line":100,"column":97}},"42":{"start":{"line":100,"column":66},"end":{"line":100,"column":97}},"43":{"start":{"line":101,"column":12},"end":{"line":101,"column":74}},"44":{"start":{"line":101,"column":46},"end":{"line":101,"column":74}},"45":{"start":{"line":103,"column":26},"end":{"line":103,"column":54}},"46":{"start":{"line":104,"column":12},"end":{"line":104,"column":99}},"47":{"start":{"line":106,"column":12},"end":{"line":106,"column":24}},"48":{"start":{"line":111,"column":8},"end":{"line":131,"column":9}},"49":{"start":{"line":112,"column":27},"end":{"line":115,"column":14}},"50":{"start":{"line":116,"column":28},"end":{"line":116,"column":47}},"51":{"start":{"line":117,"column":36},"end":{"line":126,"column":14}},"52":{"start":{"line":127,"column":12},"end":{"line":127,"column":91}},"53":{"start":{"line":127,"column":25},"end":{"line":127,"column":91}},"54":{"start":{"line":128,"column":12},"end":{"line":128,"column":97}},"55":{"start":{"line":130,"column":12},"end":{"line":130,"column":24}},"56":{"start":{"line":135,"column":0},"end":{"line":135,"column":32}},"57":{"start":{"line":142,"column":38},"end":{"line":142,"column":37706}},"58":{"start":{"line":142,"column":42},"end":{"line":142,"column":37695}},"59":{"start":{"line":142,"column":37731},"end":{"line":142,"column":37771}},"60":{"start":{"line":142,"column":37735},"end":{"line":142,"column":37760}},"61":{"start":{"line":142,"column":37772},"end":{"line":142,"column":37780}},"62":{"start":{"line":142,"column":37805},"end":{"line":142,"column":37847}},"63":{"start":{"line":142,"column":37809},"end":{"line":142,"column":37836}},"64":{"start":{"line":142,"column":37848},"end":{"line":142,"column":37856}},"65":{"start":{"line":142,"column":37875},"end":{"line":142,"column":37912}},"66":{"start":{"line":142,"column":37879},"end":{"line":142,"column":37901}},"67":{"start":{"line":142,"column":37931},"end":{"line":142,"column":37971}},"68":{"start":{"line":142,"column":37935},"end":{"line":142,"column":37960}}},"fnMap":{"0":{"name":"(anonymous_0)","decl":{"start":{"line":8,"column":4},"end":{"line":8,"column":5}},"loc":{"start":{"line":8,"column":48},"end":{"line":31,"column":5}},"line":8},"1":{"name":"(anonymous_1)","decl":{"start":{"line":33,"column":4},"end":{"line":33,"column":5}},"loc":{"start":{"line":33,"column":50},"end":{"line":49,"column":5}},"line":33},"2":{"name":"(anonymous_2)","decl":{"start":{"line":51,"column":4},"end":{"line":51,"column":5}},"loc":{"start":{"line":51,"column":49},"end":{"line":62,"column":5}},"line":51},"3":{"name":"(anonymous_3)","decl":{"start":{"line":64,"column":4},"end":{"line":64,"column":5}},"loc":{"start":{"line":64,"column":49},"end":{"line":80,"column":5}},"line":64},"4":{"name":"(anonymous_4)","decl":{"start":{"line":82,"column":4},"end":{"line":82,"column":5}},"loc":{"start":{"line":82,"column":49},"end":{"line":91,"column":5}},"line":82},"5":{"name":"(anonymous_5)","decl":{"start":{"line":93,"column":4},"end":{"line":93,"column":5}},"loc":{"start":{"line":93,"column":48},"end":{"line":108,"column":5}},"line":93},"6":{"name":"(anonymous_6)","decl":{"start":{"line":110,"column":4},"end":{"line":110,"column":5}},"loc":{"start":{"line":110,"column":45},"end":{"line":132,"column":5}},"line":110},"7":{"name":"oo_cm","decl":{"start":{"line":142,"column":30},"end":{"line":142,"column":35}},"loc":{"start":{"line":142,"column":37},"end":{"line":142,"column":37707}},"line":142},"8":{"name":"oo_oo","decl":{"start":{"line":142,"column":37717},"end":{"line":142,"column":37722}},"loc":{"start":{"line":142,"column":37730},"end":{"line":142,"column":37781}},"line":142},"9":{"name":"oo_tr","decl":{"start":{"line":142,"column":37791},"end":{"line":142,"column":37796}},"loc":{"start":{"line":142,"column":37804},"end":{"line":142,"column":37857}},"line":142},"10":{"name":"oo_ts","decl":{"start":{"line":142,"column":37867},"end":{"line":142,"column":37872}},"loc":{"start":{"line":142,"column":37874},"end":{"line":142,"column":37913}},"line":142},"11":{"name":"oo_te","decl":{"start":{"line":142,"column":37923},"end":{"line":142,"column":37928}},"loc":{"start":{"line":142,"column":37930},"end":{"line":142,"column":37972}},"line":142}},"branchMap":{"0":{"loc":{"start":{"line":43,"column":12},"end":{"line":43,"column":52}},"type":"if","locations":[{"start":{"line":43,"column":12},"end":{"line":43,"column":52}},{"start":{},"end":{}}],"line":43},"1":{"loc":{"start":{"line":52,"column":43},"end":{"line":52,"column":58}},"type":"default-arg","locations":[{"start":{"line":52,"column":50},"end":{"line":52,"column":58}}],"line":52},"2":{"loc":{"start":{"line":52,"column":60},"end":{"line":52,"column":82}},"type":"default-arg","locations":[{"start":{"line":52,"column":74},"end":{"line":52,"column":82}}],"line":52},"3":{"loc":{"start":{"line":96,"column":12},"end":{"line":96,"column":71}},"type":"if","locations":[{"start":{"line":96,"column":12},"end":{"line":96,"column":71}},{"start":{},"end":{}}],"line":96},"4":{"loc":{"start":{"line":96,"column":16},"end":{"line":96,"column":38}},"type":"binary-expr","locations":[{"start":{"line":96,"column":16},"end":{"line":96,"column":22}},{"start":{"line":96,"column":26},"end":{"line":96,"column":38}}],"line":96},"5":{"loc":{"start":{"line":97,"column":12},"end":{"line":97,"column":80}},"type":"if","locations":[{"start":{"line":97,"column":12},"end":{"line":97,"column":80}},{"start":{},"end":{}}],"line":97},"6":{"loc":{"start":{"line":97,"column":16},"end":{"line":97,"column":44}},"type":"binary-expr","locations":[{"start":{"line":97,"column":16},"end":{"line":97,"column":25}},{"start":{"line":97,"column":29},"end":{"line":97,"column":44}}],"line":97},"7":{"loc":{"start":{"line":100,"column":12},"end":{"line":100,"column":97}},"type":"if","locations":[{"start":{"line":100,"column":12},"end":{"line":100,"column":97}},{"start":{},"end":{}}],"line":100},"8":{"loc":{"start":{"line":100,"column":16},"end":{"line":100,"column":64}},"type":"binary-expr","locations":[{"start":{"line":100,"column":16},"end":{"line":100,"column":21}},{"start":{"line":100,"column":25},"end":{"line":100,"column":64}}],"line":100},"9":{"loc":{"start":{"line":101,"column":12},"end":{"line":101,"column":74}},"type":"if","locations":[{"start":{"line":101,"column":12},"end":{"line":101,"column":74}},{"start":{},"end":{}}],"line":101},"10":{"loc":{"start":{"line":127,"column":12},"end":{"line":127,"column":91}},"type":"if","locations":[{"start":{"line":127,"column":12},"end":{"line":127,"column":91}},{"start":{},"end":{}}],"line":127},"11":{"loc":{"start":{"line":128,"column":23},"end":{"line":128,"column":42}},"type":"cond-expr","locations":[{"start":{"line":128,"column":33},"end":{"line":128,"column":36}},{"start":{"line":128,"column":39},"end":{"line":128,"column":42}}],"line":128},"12":{"loc":{"start":{"line":142,"column":49},"end":{"line":142,"column":37694}},"type":"binary-expr","locations":[{"start":{"line":142,"column":49},"end":{"line":142,"column":86}},{"start":{"line":142,"column":90},"end":{"line":142,"column":37694}}],"line":142}},"s":{"0":1,"1":1,"2":1,"3":1,"4":1,"5":0,"6":0,"7":0,"8":0,"9":0,"10":0,"11":0,"12":0,"13":0,"14":0,"15":5,"16":5,"17":5,"18":5,"19":1,"20":1,"21":4,"22":0,"23":0,"24":0,"25":0,"26":0,"27":0,"28":0,"29":0,"30":0,"31":0,"32":0,"33":0,"34":6,"35":6,"36":6,"37":1,"38":5,"39":1,"40":4,"41":4,"42":2,"43":2,"44":1,"45":1,"46":1,"47":5,"48":0,"49":0,"50":0,"51":0,"52":0,"53":0,"54":0,"55":0,"56":1,"57":5,"58":5,"59":5,"60":5,"61":5,"62":0,"63":0,"64":0,"65":0,"66":0,"67":0,"68":0},"f":{"0":0,"1":0,"2":5,"3":0,"4":0,"5":6,"6":0,"7":5,"8":5,"9":0,"10":0,"11":0},"b":{"0":[0,0],"1":[5],"2":[5],"3":[1,5],"4":[6,5],"5":[1,4],"6":[5,4],"7":[2,2],"8":[4,3],"9":[1,1],"10":[0,0],"11":[0,0],"12":[5,1]},"_coverageSchema":"1a1c01bbd47fc00a2c39e90264f33305004495a9","hash":"56a5abdcbbdbc202cbe922fe827de8927f28c0dc"}
,"D:\\Hacktiv8XZakatloop\\Phase-2\\projects\\IP-arvinaufal-RMT42\\server\\helpers\\bcryptjs.js": {"path":"D:\\Hacktiv8XZakatloop\\Phase-2\\projects\\IP-arvinaufal-RMT42\\server\\helpers\\bcryptjs.js","statementMap":{"0":{"start":{"line":1,"column":17},"end":{"line":1,"column":36}},"1":{"start":{"line":3,"column":19},"end":{"line":7,"column":1}},"2":{"start":{"line":4,"column":17},"end":{"line":4,"column":41}},"3":{"start":{"line":5,"column":17},"end":{"line":5,"column":45}},"4":{"start":{"line":6,"column":4},"end":{"line":6,"column":16}},"5":{"start":{"line":9,"column":22},"end":{"line":12,"column":1}},"6":{"start":{"line":10,"column":20},"end":{"line":10,"column":53}},"7":{"start":{"line":11,"column":4},"end":{"line":11,"column":19}},"8":{"start":{"line":14,"column":0},"end":{"line":14,"column":47}}},"fnMap":{"0":{"name":"(anonymous_0)","decl":{"start":{"line":3,"column":19},"end":{"line":3,"column":20}},"loc":{"start":{"line":3,"column":28},"end":{"line":7,"column":1}},"line":3},"1":{"name":"(anonymous_1)","decl":{"start":{"line":9,"column":22},"end":{"line":9,"column":23}},"loc":{"start":{"line":9,"column":39},"end":{"line":12,"column":1}},"line":9}},"branchMap":{},"s":{"0":1,"1":1,"2":3,"3":3,"4":3,"5":1,"6":3,"7":3,"8":1},"f":{"0":3,"1":3},"b":{},"_coverageSchema":"1a1c01bbd47fc00a2c39e90264f33305004495a9","hash":"199dc6211967aee323fafddd10ce98bcd3d8dcfa"}
,"D:\\Hacktiv8XZakatloop\\Phase-2\\projects\\IP-arvinaufal-RMT42\\server\\helpers\\googlebooks.js": {"path":"D:\\Hacktiv8XZakatloop\\Phase-2\\projects\\IP-arvinaufal-RMT42\\server\\helpers\\googlebooks.js","statementMap":{"0":{"start":{"line":1,"column":14},"end":{"line":1,"column":30}},"1":{"start":{"line":3,"column":20},"end":{"line":34,"column":1}},"2":{"start":{"line":4,"column":21},"end":{"line":12,"column":6}},"3":{"start":{"line":14,"column":18},"end":{"line":14,"column":43}},"4":{"start":{"line":16,"column":4},"end":{"line":33,"column":7}},"5":{"start":{"line":17,"column":140},"end":{"line":17,"column":155}},"6":{"start":{"line":18,"column":8},"end":{"line":32,"column":10}},"7":{"start":{"line":36,"column":0},"end":{"line":36,"column":33}}},"fnMap":{"0":{"name":"(anonymous_0)","decl":{"start":{"line":3,"column":20},"end":{"line":3,"column":21}},"loc":{"start":{"line":3,"column":49},"end":{"line":34,"column":1}},"line":3},"1":{"name":"(anonymous_1)","decl":{"start":{"line":16,"column":21},"end":{"line":16,"column":22}},"loc":{"start":{"line":16,"column":29},"end":{"line":33,"column":5}},"line":16}},"branchMap":{"0":{"loc":{"start":{"line":14,"column":18},"end":{"line":14,"column":43}},"type":"binary-expr","locations":[{"start":{"line":14,"column":18},"end":{"line":14,"column":37}},{"start":{"line":14,"column":41},"end":{"line":14,"column":43}}],"line":14},"1":{"loc":{"start":{"line":20,"column":18},"end":{"line":20,"column":79}},"type":"cond-expr","locations":[{"start":{"line":20,"column":40},"end":{"line":20,"column":73}},{"start":{"line":20,"column":76},"end":{"line":20,"column":79}}],"line":20},"2":{"loc":{"start":{"line":21,"column":20},"end":{"line":21,"column":54}},"type":"cond-expr","locations":[{"start":{"line":21,"column":30},"end":{"line":21,"column":48}},{"start":{"line":21,"column":51},"end":{"line":21,"column":54}}],"line":21},"3":{"loc":{"start":{"line":30,"column":22},"end":{"line":30,"column":62}},"type":"cond-expr","locations":[{"start":{"line":30,"column":35},"end":{"line":30,"column":56}},{"start":{"line":30,"column":59},"end":{"line":30,"column":62}}],"line":30}},"s":{"0":1,"1":1,"2":0,"3":0,"4":0,"5":0,"6":0,"7":1},"f":{"0":0,"1":0},"b":{"0":[0,0],"1":[0,0],"2":[0,0],"3":[0,0]},"_coverageSchema":"1a1c01bbd47fc00a2c39e90264f33305004495a9","hash":"96f44175f619d92719ec9f101f7f082a98f8295f"}
,"D:\\Hacktiv8XZakatloop\\Phase-2\\projects\\IP-arvinaufal-RMT42\\server\\helpers\\jwt.js": {"path":"D:\\Hacktiv8XZakatloop\\Phase-2\\projects\\IP-arvinaufal-RMT42\\server\\helpers\\jwt.js","statementMap":{"0":{"start":{"line":1,"column":12},"end":{"line":1,"column":35}},"1":{"start":{"line":2,"column":18},"end":{"line":2,"column":40}},"2":{"start":{"line":4,"column":20},"end":{"line":7,"column":1}},"3":{"start":{"line":5,"column":18},"end":{"line":5,"column":42}},"4":{"start":{"line":6,"column":4},"end":{"line":6,"column":17}},"5":{"start":{"line":9,"column":20},"end":{"line":12,"column":1}},"6":{"start":{"line":10,"column":20},"end":{"line":10,"column":46}},"7":{"start":{"line":11,"column":4},"end":{"line":11,"column":19}},"8":{"start":{"line":14,"column":0},"end":{"line":14,"column":46}}},"fnMap":{"0":{"name":"(anonymous_0)","decl":{"start":{"line":4,"column":20},"end":{"line":4,"column":21}},"loc":{"start":{"line":4,"column":29},"end":{"line":7,"column":1}},"line":4},"1":{"name":"(anonymous_1)","decl":{"start":{"line":9,"column":20},"end":{"line":9,"column":21}},"loc":{"start":{"line":9,"column":29},"end":{"line":12,"column":1}},"line":9}},"branchMap":{},"s":{"0":1,"1":1,"2":1,"3":1,"4":1,"5":1,"6":0,"7":0,"8":1},"f":{"0":1,"1":0},"b":{},"_coverageSchema":"1a1c01bbd47fc00a2c39e90264f33305004495a9","hash":"5f76b3b819dee86a4e22818bc9c20f67f6848d08"}
,"D:\\Hacktiv8XZakatloop\\Phase-2\\projects\\IP-arvinaufal-RMT42\\server\\helpers\\openai.js": {"path":"D:\\Hacktiv8XZakatloop\\Phase-2\\projects\\IP-arvinaufal-RMT42\\server\\helpers\\openai.js","statementMap":{"0":{"start":{"line":1,"column":15},"end":{"line":1,"column":32}},"1":{"start":{"line":3,"column":15},"end":{"line":15,"column":1}},"2":{"start":{"line":4,"column":19},"end":{"line":6,"column":6}},"3":{"start":{"line":8,"column":24},"end":{"line":12,"column":6}},"4":{"start":{"line":14,"column":4},"end":{"line":14,"column":38}},"5":{"start":{"line":17,"column":25},"end":{"line":27,"column":1}},"6":{"start":{"line":18,"column":19},"end":{"line":18,"column":32}},"7":{"start":{"line":19,"column":17},"end":{"line":19,"column":79}},"8":{"start":{"line":21,"column":4},"end":{"line":23,"column":5}},"9":{"start":{"line":21,"column":17},"end":{"line":21,"column":18}},"10":{"start":{"line":22,"column":8},"end":{"line":22,"column":72}},"11":{"start":{"line":25,"column":4},"end":{"line":25,"column":300}},"12":{"start":{"line":26,"column":4},"end":{"line":26,"column":18}},"13":{"start":{"line":29,"column":26},"end":{"line":34,"column":1}},"14":{"start":{"line":30,"column":17},"end":{"line":30,"column":124}},"15":{"start":{"line":31,"column":4},"end":{"line":31,"column":25}},"16":{"start":{"line":32,"column":4},"end":{"line":32,"column":270}},"17":{"start":{"line":33,"column":4},"end":{"line":33,"column":18}},"18":{"start":{"line":36,"column":0},"end":{"line":36,"column":65}}},"fnMap":{"0":{"name":"(anonymous_0)","decl":{"start":{"line":3,"column":15},"end":{"line":3,"column":16}},"loc":{"start":{"line":3,"column":30},"end":{"line":15,"column":1}},"line":3},"1":{"name":"(anonymous_1)","decl":{"start":{"line":17,"column":25},"end":{"line":17,"column":26}},"loc":{"start":{"line":17,"column":40},"end":{"line":27,"column":1}},"line":17},"2":{"name":"(anonymous_2)","decl":{"start":{"line":29,"column":26},"end":{"line":29,"column":27}},"loc":{"start":{"line":29,"column":36},"end":{"line":34,"column":1}},"line":29}},"branchMap":{},"s":{"0":1,"1":1,"2":0,"3":0,"4":0,"5":1,"6":0,"7":0,"8":0,"9":0,"10":0,"11":0,"12":0,"13":1,"14":0,"15":0,"16":0,"17":0,"18":1},"f":{"0":0,"1":0,"2":0},"b":{},"_coverageSchema":"1a1c01bbd47fc00a2c39e90264f33305004495a9","hash":"ac3ccb417a2258c82ed20e927b88af0cf78d2f87"}
,"D:\\Hacktiv8XZakatloop\\Phase-2\\projects\\IP-arvinaufal-RMT42\\server\\middlewares\\authentication.js": {"path":"D:\\Hacktiv8XZakatloop\\Phase-2\\projects\\IP-arvinaufal-RMT42\\server\\middlewares\\authentication.js","statementMap":{"0":{"start":{"line":2,"column":24},"end":{"line":2,"column":49}},"1":{"start":{"line":3,"column":17},"end":{"line":3,"column":37}},"2":{"start":{"line":5,"column":23},"end":{"line":26,"column":1}},"3":{"start":{"line":6,"column":4},"end":{"line":25,"column":5}},"4":{"start":{"line":7,"column":8},"end":{"line":7,"column":76}},"5":{"start":{"line":7,"column":40},"end":{"line":7,"column":76}},"6":{"start":{"line":8,"column":22},"end":{"line":8,"column":65}},"7":{"start":{"line":10,"column":8},"end":{"line":10,"column":56}},"8":{"start":{"line":10,"column":20},"end":{"line":10,"column":56}},"9":{"start":{"line":12,"column":23},"end":{"line":12,"column":41}},"10":{"start":{"line":13,"column":21},"end":{"line":13,"column":44}},"11":{"start":{"line":15,"column":8},"end":{"line":15,"column":55}},"12":{"start":{"line":15,"column":19},"end":{"line":15,"column":55}},"13":{"start":{"line":16,"column":8},"end":{"line":20,"column":10}},"14":{"start":{"line":22,"column":8},"end":{"line":22,"column":15}},"15":{"start":{"line":24,"column":8},"end":{"line":24,"column":20}},"16":{"start":{"line":28,"column":0},"end":{"line":28,"column":32}}},"fnMap":{"0":{"name":"(anonymous_0)","decl":{"start":{"line":5,"column":23},"end":{"line":5,"column":24}},"loc":{"start":{"line":5,"column":49},"end":{"line":26,"column":1}},"line":5}},"branchMap":{"0":{"loc":{"start":{"line":7,"column":8},"end":{"line":7,"column":76}},"type":"if","locations":[{"start":{"line":7,"column":8},"end":{"line":7,"column":76}},{"start":{},"end":{}}],"line":7},"1":{"loc":{"start":{"line":10,"column":8},"end":{"line":10,"column":56}},"type":"if","locations":[{"start":{"line":10,"column":8},"end":{"line":10,"column":56}},{"start":{},"end":{}}],"line":10},"2":{"loc":{"start":{"line":15,"column":8},"end":{"line":15,"column":55}},"type":"if","locations":[{"start":{"line":15,"column":8},"end":{"line":15,"column":55}},{"start":{},"end":{}}],"line":15}},"s":{"0":1,"1":1,"2":1,"3":0,"4":0,"5":0,"6":0,"7":0,"8":0,"9":0,"10":0,"11":0,"12":0,"13":0,"14":0,"15":0,"16":1},"f":{"0":0},"b":{"0":[0,0],"1":[0,0],"2":[0,0]},"_coverageSchema":"1a1c01bbd47fc00a2c39e90264f33305004495a9","hash":"285c615d1bae8083ed87dc37ba1bdbc07d17c7ce"}
,"D:\\Hacktiv8XZakatloop\\Phase-2\\projects\\IP-arvinaufal-RMT42\\server\\middlewares\\authorization.js": {"path":"D:\\Hacktiv8XZakatloop\\Phase-2\\projects\\IP-arvinaufal-RMT42\\server\\middlewares\\authorization.js","statementMap":{"0":{"start":{"line":1,"column":23},"end":{"line":1,"column":43}},"1":{"start":{"line":3,"column":22},"end":{"line":16,"column":1}},"2":{"start":{"line":5,"column":8},"end":{"line":13,"column":9}},"3":{"start":{"line":6,"column":25},"end":{"line":6,"column":57}},"4":{"start":{"line":7,"column":12},"end":{"line":7,"column":56}},"5":{"start":{"line":7,"column":23},"end":{"line":7,"column":56}},"6":{"start":{"line":8,"column":12},"end":{"line":8,"column":72}},"7":{"start":{"line":8,"column":39},"end":{"line":8,"column":72}},"8":{"start":{"line":10,"column":12},"end":{"line":10,"column":19}},"9":{"start":{"line":12,"column":12},"end":{"line":12,"column":24}},"10":{"start":{"line":18,"column":0},"end":{"line":18,"column":31}}},"fnMap":{"0":{"name":"(anonymous_0)","decl":{"start":{"line":4,"column":15},"end":{"line":4,"column":16}},"loc":{"start":{"line":4,"column":41},"end":{"line":14,"column":5}},"line":4}},"branchMap":{"0":{"loc":{"start":{"line":7,"column":12},"end":{"line":7,"column":56}},"type":"if","locations":[{"start":{"line":7,"column":12},"end":{"line":7,"column":56}},{"start":{},"end":{}}],"line":7},"1":{"loc":{"start":{"line":8,"column":12},"end":{"line":8,"column":72}},"type":"if","locations":[{"start":{"line":8,"column":12},"end":{"line":8,"column":72}},{"start":{},"end":{}}],"line":8}},"s":{"0":1,"1":1,"2":0,"3":0,"4":0,"5":0,"6":0,"7":0,"8":0,"9":0,"10":1},"f":{"0":0},"b":{"0":[0,0],"1":[0,0]},"_coverageSchema":"1a1c01bbd47fc00a2c39e90264f33305004495a9","hash":"2cc6940e27afac058ae9e244f954f77a80e28cf2"}
,"D:\\Hacktiv8XZakatloop\\Phase-2\\projects\\IP-arvinaufal-RMT42\\server\\middlewares\\errorHandler.js": {"path":"D:\\Hacktiv8XZakatloop\\Phase-2\\projects\\IP-arvinaufal-RMT42\\server\\middlewares\\errorHandler.js","statementMap":{"0":{"start":{"line":1,"column":21},"end":{"line":66,"column":1}},"1":{"start":{"line":4,"column":8},"end":{"line":61,"column":9}},"2":{"start":{"line":7,"column":16},"end":{"line":7,"column":33}},"3":{"start":{"line":8,"column":16},"end":{"line":8,"column":72}},"4":{"start":{"line":8,"column":51},"end":{"line":8,"column":68}},"5":{"start":{"line":9,"column":16},"end":{"line":9,"column":22}},"6":{"start":{"line":12,"column":16},"end":{"line":12,"column":33}},"7":{"start":{"line":13,"column":16},"end":{"line":13,"column":49}},"8":{"start":{"line":14,"column":16},"end":{"line":14,"column":22}},"9":{"start":{"line":17,"column":16},"end":{"line":17,"column":33}},"10":{"start":{"line":18,"column":16},"end":{"line":18,"column":46}},"11":{"start":{"line":19,"column":16},"end":{"line":19,"column":22}},"12":{"start":{"line":22,"column":16},"end":{"line":22,"column":33}},"13":{"start":{"line":23,"column":16},"end":{"line":23,"column":49}},"14":{"start":{"line":24,"column":16},"end":{"line":24,"column":22}},"15":{"start":{"line":27,"column":16},"end":{"line":27,"column":33}},"16":{"start":{"line":28,"column":16},"end":{"line":28,"column":55}},"17":{"start":{"line":29,"column":16},"end":{"line":29,"column":22}},"18":{"start":{"line":32,"column":16},"end":{"line":32,"column":33}},"19":{"start":{"line":33,"column":16},"end":{"line":33,"column":52}},"20":{"start":{"line":34,"column":16},"end":{"line":34,"column":22}},"21":{"start":{"line":37,"column":16},"end":{"line":37,"column":33}},"22":{"start":{"line":38,"column":16},"end":{"line":38,"column":61}},"23":{"start":{"line":39,"column":16},"end":{"line":39,"column":22}},"24":{"start":{"line":43,"column":16},"end":{"line":43,"column":33}},"25":{"start":{"line":44,"column":16},"end":{"line":44,"column":44}},"26":{"start":{"line":45,"column":16},"end":{"line":45,"column":22}},"27":{"start":{"line":48,"column":16},"end":{"line":48,"column":33}},"28":{"start":{"line":49,"column":16},"end":{"line":49,"column":50}},"29":{"start":{"line":50,"column":16},"end":{"line":50,"column":22}},"30":{"start":{"line":53,"column":16},"end":{"line":53,"column":33}},"31":{"start":{"line":54,"column":16},"end":{"line":54,"column":38}},"32":{"start":{"line":55,"column":16},"end":{"line":55,"column":22}},"33":{"start":{"line":58,"column":16},"end":{"line":58,"column":33}},"34":{"start":{"line":59,"column":16},"end":{"line":59,"column":50}},"35":{"start":{"line":60,"column":16},"end":{"line":60,"column":22}},"36":{"start":{"line":63,"column":8},"end":{"line":63,"column":54}},"37":{"start":{"line":68,"column":0},"end":{"line":68,"column":30}}},"fnMap":{"0":{"name":"(anonymous_0)","decl":{"start":{"line":2,"column":13},"end":{"line":2,"column":14}},"loc":{"start":{"line":2,"column":49},"end":{"line":64,"column":5}},"line":2},"1":{"name":"(anonymous_1)","decl":{"start":{"line":8,"column":43},"end":{"line":8,"column":44}},"loc":{"start":{"line":8,"column":49},"end":{"line":8,"column":70}},"line":8}},"branchMap":{"0":{"loc":{"start":{"line":4,"column":8},"end":{"line":61,"column":9}},"type":"switch","locations":[{"start":{"line":5,"column":12},"end":{"line":5,"column":44}},{"start":{"line":6,"column":12},"end":{"line":9,"column":22}},{"start":{"line":11,"column":12},"end":{"line":14,"column":22}},{"start":{"line":16,"column":12},"end":{"line":19,"column":22}},{"start":{"line":21,"column":12},"end":{"line":24,"column":22}},{"start":{"line":26,"column":12},"end":{"line":29,"column":22}},{"start":{"line":31,"column":12},"end":{"line":34,"column":22}},{"start":{"line":36,"column":12},"end":{"line":39,"column":22}},{"start":{"line":41,"column":12},"end":{"line":41,"column":37}},{"start":{"line":42,"column":12},"end":{"line":45,"column":22}},{"start":{"line":47,"column":12},"end":{"line":50,"column":22}},{"start":{"line":52,"column":12},"end":{"line":55,"column":22}},{"start":{"line":57,"column":12},"end":{"line":60,"column":22}}],"line":4}},"s":{"0":1,"1":9,"2":4,"3":4,"4":4,"5":4,"6":0,"7":0,"8":0,"9":1,"10":1,"11":1,"12":1,"13":1,"14":1,"15":0,"16":0,"17":0,"18":2,"19":2,"20":2,"21":1,"22":1,"23":1,"24":0,"25":0,"26":0,"27":0,"28":0,"29":0,"30":0,"31":0,"32":0,"33":0,"34":0,"35":0,"36":9,"37":1},"f":{"0":9,"1":4},"b":{"0":[3,4,0,1,1,0,2,1,0,0,0,0,0]},"_coverageSchema":"1a1c01bbd47fc00a2c39e90264f33305004495a9","hash":"f6d1a1d17555ef71bb55639a16fed1e45d86b68b"}
,"D:\\Hacktiv8XZakatloop\\Phase-2\\projects\\IP-arvinaufal-RMT42\\server\\models\\book.js": {"path":"D:\\Hacktiv8XZakatloop\\Phase-2\\projects\\IP-arvinaufal-RMT42\\server\\models\\book.js","statementMap":{"0":{"start":{"line":4,"column":4},"end":{"line":4,"column":24}},"1":{"start":{"line":5,"column":0},"end":{"line":82,"column":2}},"2":{"start":{"line":14,"column":6},"end":{"line":16,"column":9}},"3":{"start":{"line":19,"column":2},"end":{"line":80,"column":5}},"4":{"start":{"line":81,"column":2},"end":{"line":81,"column":14}}},"fnMap":{"0":{"name":"(anonymous_0)","decl":{"start":{"line":5,"column":17},"end":{"line":5,"column":18}},"loc":{"start":{"line":5,"column":43},"end":{"line":82,"column":1}},"line":5},"1":{"name":"(anonymous_1)","decl":{"start":{"line":12,"column":4},"end":{"line":12,"column":5}},"loc":{"start":{"line":12,"column":29},"end":{"line":17,"column":5}},"line":12}},"branchMap":{},"s":{"0":1,"1":1,"2":1,"3":1,"4":1},"f":{"0":1,"1":1},"b":{},"_coverageSchema":"1a1c01bbd47fc00a2c39e90264f33305004495a9","hash":"1f5f099b55b81754d08c6cbbc47d71094d8d75a1"}
,"D:\\Hacktiv8XZakatloop\\Phase-2\\projects\\IP-arvinaufal-RMT42\\server\\models\\history.js": {"path":"D:\\Hacktiv8XZakatloop\\Phase-2\\projects\\IP-arvinaufal-RMT42\\server\\models\\history.js","statementMap":{"0":{"start":{"line":4,"column":4},"end":{"line":4,"column":24}},"1":{"start":{"line":5,"column":0},"end":{"line":52,"column":2}},"2":{"start":{"line":14,"column":6},"end":{"line":14,"column":63}},"3":{"start":{"line":15,"column":6},"end":{"line":15,"column":63}},"4":{"start":{"line":18,"column":2},"end":{"line":50,"column":5}},"5":{"start":{"line":51,"column":2},"end":{"line":51,"column":17}}},"fnMap":{"0":{"name":"(anonymous_0)","decl":{"start":{"line":5,"column":17},"end":{"line":5,"column":18}},"loc":{"start":{"line":5,"column":43},"end":{"line":52,"column":1}},"line":5},"1":{"name":"(anonymous_1)","decl":{"start":{"line":12,"column":4},"end":{"line":12,"column":5}},"loc":{"start":{"line":12,"column":29},"end":{"line":16,"column":5}},"line":12}},"branchMap":{},"s":{"0":1,"1":1,"2":1,"3":1,"4":1,"5":1},"f":{"0":1,"1":1},"b":{},"_coverageSchema":"1a1c01bbd47fc00a2c39e90264f33305004495a9","hash":"98da8ad63804f7670803ee48beea4b6a624ef3bd"}
,"D:\\Hacktiv8XZakatloop\\Phase-2\\projects\\IP-arvinaufal-RMT42\\server\\models\\index.js": {"path":"D:\\Hacktiv8XZakatloop\\Phase-2\\projects\\IP-arvinaufal-RMT42\\server\\models\\index.js","statementMap":{"0":{"start":{"line":3,"column":11},"end":{"line":3,"column":24}},"1":{"start":{"line":4,"column":13},"end":{"line":4,"column":28}},"2":{"start":{"line":5,"column":18},"end":{"line":5,"column":38}},"3":{"start":{"line":6,"column":16},"end":{"line":6,"column":34}},"4":{"start":{"line":7,"column":17},"end":{"line":7,"column":42}},"5":{"start":{"line":8,"column":12},"end":{"line":8,"column":49}},"6":{"start":{"line":9,"column":15},"end":{"line":9,"column":65}},"7":{"start":{"line":10,"column":11},"end":{"line":10,"column":13}},"8":{"start":{"line":13,"column":0},"end":{"line":17,"column":1}},"9":{"start":{"line":14,"column":2},"end":{"line":14,"column":74}},"10":{"start":{"line":16,"column":2},"end":{"line":16,"column":87}},"11":{"start":{"line":19,"column":0},"end":{"line":32,"column":5}},"12":{"start":{"line":22,"column":4},"end":{"line":27,"column":6}},"13":{"start":{"line":30,"column":18},"end":{"line":30,"column":85}},"14":{"start":{"line":31,"column":4},"end":{"line":31,"column":27}},"15":{"start":{"line":34,"column":0},"end":{"line":38,"column":3}},"16":{"start":{"line":35,"column":2},"end":{"line":37,"column":3}},"17":{"start":{"line":36,"column":4},"end":{"line":36,"column":32}},"18":{"start":{"line":40,"column":0},"end":{"line":40,"column":25}},"19":{"start":{"line":41,"column":0},"end":{"line":41,"column":25}},"20":{"start":{"line":43,"column":0},"end":{"line":43,"column":20}}},"fnMap":{"0":{"name":"(anonymous_0)","decl":{"start":{"line":21,"column":10},"end":{"line":21,"column":11}},"loc":{"start":{"line":21,"column":18},"end":{"line":28,"column":3}},"line":21},"1":{"name":"(anonymous_1)","decl":{"start":{"line":29,"column":11},"end":{"line":29,"column":12}},"loc":{"start":{"line":29,"column":19},"end":{"line":32,"column":3}},"line":29},"2":{"name":"(anonymous_2)","decl":{"start":{"line":34,"column":24},"end":{"line":34,"column":25}},"loc":{"start":{"line":34,"column":37},"end":{"line":38,"column":1}},"line":34}},"branchMap":{"0":{"loc":{"start":{"line":8,"column":12},"end":{"line":8,"column":49}},"type":"binary-expr","locations":[{"start":{"line":8,"column":12},"end":{"line":8,"column":32}},{"start":{"line":8,"column":36},"end":{"line":8,"column":49}}],"line":8},"1":{"loc":{"start":{"line":13,"column":0},"end":{"line":17,"column":1}},"type":"if","locations":[{"start":{"line":13,"column":0},"end":{"line":17,"column":1}},{"start":{"line":15,"column":7},"end":{"line":17,"column":1}}],"line":13},"2":{"loc":{"start":{"line":23,"column":6},"end":{"line":26,"column":37}},"type":"binary-expr","locations":[{"start":{"line":23,"column":6},"end":{"line":23,"column":29}},{"start":{"line":24,"column":6},"end":{"line":24,"column":23}},{"start":{"line":25,"column":6},"end":{"line":25,"column":30}},{"start":{"line":26,"column":6},"end":{"line":26,"column":37}}],"line":23},"3":{"loc":{"start":{"line":35,"column":2},"end":{"line":37,"column":3}},"type":"if","locations":[{"start":{"line":35,"column":2},"end":{"line":37,"column":3}},{"start":{},"end":{}}],"line":35}},"s":{"0":1,"1":1,"2":1,"3":1,"4":1,"5":1,"6":1,"7":1,"8":1,"9":0,"10":1,"11":1,"12":5,"13":4,"14":4,"15":1,"16":4,"17":4,"18":1,"19":1,"20":1},"f":{"0":5,"1":4,"2":4},"b":{"0":[1,0],"1":[0,1],"2":[5,5,4,4],"3":[4,0]},"_coverageSchema":"1a1c01bbd47fc00a2c39e90264f33305004495a9","hash":"c5e6338cec851d2f43b0e46aff1b089bf4c057b9"}
,"D:\\Hacktiv8XZakatloop\\Phase-2\\projects\\IP-arvinaufal-RMT42\\server\\models\\user.js": {"path":"D:\\Hacktiv8XZakatloop\\Phase-2\\projects\\IP-arvinaufal-RMT42\\server\\models\\user.js","statementMap":{"0":{"start":{"line":4,"column":4},"end":{"line":4,"column":24}},"1":{"start":{"line":5,"column":23},"end":{"line":5,"column":53}},"2":{"start":{"line":6,"column":0},"end":{"line":100,"column":2}},"3":{"start":{"line":15,"column":6},"end":{"line":18,"column":9}},"4":{"start":{"line":19,"column":6},"end":{"line":22,"column":9}},"5":{"start":{"line":25,"column":2},"end":{"line":93,"column":5}},"6":{"start":{"line":95,"column":2},"end":{"line":97,"column":5}},"7":{"start":{"line":96,"column":4},"end":{"line":96,"column":46}},"8":{"start":{"line":99,"column":2},"end":{"line":99,"column":14}}},"fnMap":{"0":{"name":"(anonymous_0)","decl":{"start":{"line":6,"column":17},"end":{"line":6,"column":18}},"loc":{"start":{"line":6,"column":43},"end":{"line":100,"column":1}},"line":6},"1":{"name":"(anonymous_1)","decl":{"start":{"line":13,"column":4},"end":{"line":13,"column":5}},"loc":{"start":{"line":13,"column":29},"end":{"line":23,"column":5}},"line":13},"2":{"name":"(anonymous_2)","decl":{"start":{"line":95,"column":20},"end":{"line":95,"column":21}},"loc":{"start":{"line":95,"column":30},"end":{"line":97,"column":3}},"line":95}},"branchMap":{},"s":{"0":1,"1":1,"2":1,"3":1,"4":1,"5":1,"6":1,"7":3,"8":1},"f":{"0":1,"1":1,"2":3},"b":{},"_coverageSchema":"1a1c01bbd47fc00a2c39e90264f33305004495a9","hash":"4eb46f7805e93fa2bc75ff0ab184371781dc824b"}
,"D:\\Hacktiv8XZakatloop\\Phase-2\\projects\\IP-arvinaufal-RMT42\\server\\models\\userdetail.js": {"path":"D:\\Hacktiv8XZakatloop\\Phase-2\\projects\\IP-arvinaufal-RMT42\\server\\models\\userdetail.js","statementMap":{"0":{"start":{"line":4,"column":4},"end":{"line":4,"column":24}},"1":{"start":{"line":5,"column":0},"end":{"line":59,"column":2}},"2":{"start":{"line":14,"column":6},"end":{"line":14,"column":66}},"3":{"start":{"line":17,"column":2},"end":{"line":48,"column":5}},"4":{"start":{"line":50,"column":2},"end":{"line":57,"column":5}},"5":{"start":{"line":51,"column":18},"end":{"line":51,"column":22}},"6":{"start":{"line":52,"column":4},"end":{"line":52,"column":46}},"7":{"start":{"line":53,"column":4},"end":{"line":53,"column":29}},"8":{"start":{"line":54,"column":4},"end":{"line":54,"column":52}},"9":{"start":{"line":55,"column":4},"end":{"line":55,"column":25}},"10":{"start":{"line":56,"column":4},"end":{"line":56,"column":27}},"11":{"start":{"line":58,"column":2},"end":{"line":58,"column":20}}},"fnMap":{"0":{"name":"(anonymous_0)","decl":{"start":{"line":5,"column":17},"end":{"line":5,"column":18}},"loc":{"start":{"line":5,"column":43},"end":{"line":59,"column":1}},"line":5},"1":{"name":"(anonymous_1)","decl":{"start":{"line":12,"column":4},"end":{"line":12,"column":5}},"loc":{"start":{"line":12,"column":29},"end":{"line":15,"column":5}},"line":12},"2":{"name":"(anonymous_2)","decl":{"start":{"line":50,"column":26},"end":{"line":50,"column":27}},"loc":{"start":{"line":50,"column":36},"end":{"line":57,"column":3}},"line":50}},"branchMap":{"0":{"loc":{"start":{"line":54,"column":4},"end":{"line":54,"column":51}},"type":"cond-expr","locations":[{"start":{"line":54,"column":18},"end":{"line":54,"column":33}},{"start":{"line":54,"column":36},"end":{"line":54,"column":51}}],"line":54}},"s":{"0":1,"1":1,"2":1,"3":1,"4":1,"5":1,"6":1,"7":1,"8":1,"9":1,"10":1,"11":1},"f":{"0":1,"1":1,"2":1},"b":{"0":[0,1]},"_coverageSchema":"1a1c01bbd47fc00a2c39e90264f33305004495a9","hash":"08f5316a90d07ba1691745ff6c2281ce0e6ea6a8"}
,"D:\\Hacktiv8XZakatloop\\Phase-2\\projects\\IP-arvinaufal-RMT42\\server\\routes\\index.js": {"path":"D:\\Hacktiv8XZakatloop\\Phase-2\\projects\\IP-arvinaufal-RMT42\\server\\routes\\index.js","statementMap":{"0":{"start":{"line":1,"column":16},"end":{"line":1,"column":34}},"1":{"start":{"line":2,"column":26},"end":{"line":2,"column":69}},"2":{"start":{"line":3,"column":23},"end":{"line":3,"column":63}},"3":{"start":{"line":4,"column":21},"end":{"line":4,"column":59}},"4":{"start":{"line":5,"column":23},"end":{"line":5,"column":63}},"5":{"start":{"line":6,"column":22},"end":{"line":6,"column":61}},"6":{"start":{"line":7,"column":23},"end":{"line":7,"column":63}},"7":{"start":{"line":8,"column":15},"end":{"line":8,"column":31}},"8":{"start":{"line":10,"column":0},"end":{"line":10,"column":48}},"9":{"start":{"line":11,"column":0},"end":{"line":11,"column":44}},"10":{"start":{"line":13,"column":0},"end":{"line":13,"column":78}},"11":{"start":{"line":14,"column":0},"end":{"line":14,"column":68}},"12":{"start":{"line":15,"column":0},"end":{"line":15,"column":76}},"13":{"start":{"line":16,"column":0},"end":{"line":16,"column":82}},"14":{"start":{"line":17,"column":0},"end":{"line":17,"column":98}},"15":{"start":{"line":18,"column":0},"end":{"line":18,"column":95}},"16":{"start":{"line":19,"column":0},"end":{"line":19,"column":33}},"17":{"start":{"line":21,"column":0},"end":{"line":21,"column":24}}},"fnMap":{},"branchMap":{},"s":{"0":1,"1":1,"2":1,"3":1,"4":1,"5":1,"6":1,"7":1,"8":1,"9":1,"10":1,"11":1,"12":1,"13":1,"14":1,"15":1,"16":1,"17":1},"f":{},"b":{},"_coverageSchema":"1a1c01bbd47fc00a2c39e90264f33305004495a9","hash":"0f016e8223fbbb015452b41330579e31dafe264d"}
}
