{"D:\\Hacktiv8\\Phase2\\IP-RMT42\\server\\app.js": {"path":"D:\\Hacktiv8\\Phase2\\IP-RMT42\\server\\app.js","statementMap":{"0":{"start":{"line":1,"column":0},"end":{"line":3,"column":1}},"1":{"start":{"line":2,"column":4},"end":{"line":2,"column":30}},"2":{"start":{"line":5,"column":16},"end":{"line":5,"column":34}},"3":{"start":{"line":6,"column":12},"end":{"line":6,"column":21}},"4":{"start":{"line":7,"column":15},"end":{"line":7,"column":34}},"5":{"start":{"line":8,"column":13},"end":{"line":8,"column":28}},"6":{"start":{"line":10,"column":0},"end":{"line":10,"column":15}},"7":{"start":{"line":11,"column":0},"end":{"line":11,"column":23}},"8":{"start":{"line":12,"column":0},"end":{"line":12,"column":47}},"9":{"start":{"line":14,"column":0},"end":{"line":14,"column":15}},"10":{"start":{"line":16,"column":0},"end":{"line":16,"column":20}}},"fnMap":{},"branchMap":{"0":{"loc":{"start":{"line":1,"column":0},"end":{"line":3,"column":1}},"type":"if","locations":[{"start":{"line":1,"column":0},"end":{"line":3,"column":1}},{"start":{},"end":{}}],"line":1}},"s":{"0":13,"1":13,"2":13,"3":13,"4":13,"5":13,"6":13,"7":13,"8":13,"9":13,"10":13},"f":{},"b":{"0":[13,0]},"_coverageSchema":"1a1c01bbd47fc00a2c39e90264f33305004495a9","hash":"bc736eb97649c26ed1eaf0d73d5e34043d01ff5c"}
,"D:\\Hacktiv8\\Phase2\\IP-RMT42\\server\\controllers\\category.js": {"path":"D:\\Hacktiv8\\Phase2\\IP-RMT42\\server\\controllers\\category.js","statementMap":{"0":{"start":{"line":1,"column":21},"end":{"line":1,"column":41}},"1":{"start":{"line":2,"column":14},"end":{"line":2,"column":30}},"2":{"start":{"line":6,"column":8},"end":{"line":11,"column":9}},"3":{"start":{"line":7,"column":25},"end":{"line":7,"column":56}},"4":{"start":{"line":8,"column":12},"end":{"line":8,"column":38}},"5":{"start":{"line":10,"column":12},"end":{"line":10,"column":23}},"6":{"start":{"line":15,"column":8},"end":{"line":20,"column":9}},"7":{"start":{"line":16,"column":25},"end":{"line":16,"column":49}},"8":{"start":{"line":17,"column":12},"end":{"line":17,"column":38}},"9":{"start":{"line":19,"column":12},"end":{"line":19,"column":23}},"10":{"start":{"line":25,"column":0},"end":{"line":25,"column":35}}},"fnMap":{"0":{"name":"(anonymous_0)","decl":{"start":{"line":5,"column":4},"end":{"line":5,"column":5}},"loc":{"start":{"line":5,"column":45},"end":{"line":12,"column":5}},"line":5},"1":{"name":"(anonymous_1)","decl":{"start":{"line":14,"column":4},"end":{"line":14,"column":5}},"loc":{"start":{"line":14,"column":44},"end":{"line":21,"column":5}},"line":14}},"branchMap":{},"s":{"0":13,"1":13,"2":3,"3":3,"4":1,"5":2,"6":1,"7":1,"8":1,"9":0,"10":13},"f":{"0":3,"1":1},"b":{},"_coverageSchema":"1a1c01bbd47fc00a2c39e90264f33305004495a9","hash":"a372971cfb507f51e79e272d4b9a97c376843d83"}
,"D:\\Hacktiv8\\Phase2\\IP-RMT42\\server\\controllers\\comment.js": {"path":"D:\\Hacktiv8\\Phase2\\IP-RMT42\\server\\controllers\\comment.js","statementMap":{"0":{"start":{"line":1,"column":24},"end":{"line":1,"column":44}},"1":{"start":{"line":5,"column":8},"end":{"line":16,"column":9}},"2":{"start":{"line":6,"column":25},"end":{"line":6,"column":33}},"3":{"start":{"line":7,"column":29},"end":{"line":7,"column":39}},"4":{"start":{"line":8,"column":25},"end":{"line":8,"column":52}},"5":{"start":{"line":9,"column":12},"end":{"line":11,"column":13}},"6":{"start":{"line":10,"column":16},"end":{"line":10,"column":67}},"7":{"start":{"line":12,"column":28},"end":{"line":12,"column":91}},"8":{"start":{"line":13,"column":12},"end":{"line":13,"column":41}},"9":{"start":{"line":15,"column":12},"end":{"line":15,"column":23}},"10":{"start":{"line":20,"column":8},"end":{"line":32,"column":9}},"11":{"start":{"line":21,"column":32},"end":{"line":21,"column":42}},"12":{"start":{"line":22,"column":28},"end":{"line":22,"column":61}},"13":{"start":{"line":23,"column":12},"end":{"line":25,"column":13}},"14":{"start":{"line":24,"column":16},"end":{"line":24,"column":67}},"15":{"start":{"line":27,"column":12},"end":{"line":27,"column":59}},"16":{"start":{"line":28,"column":12},"end":{"line":28,"column":61}},"17":{"start":{"line":30,"column":12},"end":{"line":30,"column":30}},"18":{"start":{"line":31,"column":12},"end":{"line":31,"column":23}},"19":{"start":{"line":36,"column":0},"end":{"line":36,"column":34}}},"fnMap":{"0":{"name":"(anonymous_0)","decl":{"start":{"line":4,"column":4},"end":{"line":4,"column":5}},"loc":{"start":{"line":4,"column":44},"end":{"line":17,"column":5}},"line":4},"1":{"name":"(anonymous_1)","decl":{"start":{"line":19,"column":4},"end":{"line":19,"column":5}},"loc":{"start":{"line":19,"column":48},"end":{"line":33,"column":5}},"line":19}},"branchMap":{"0":{"loc":{"start":{"line":9,"column":12},"end":{"line":11,"column":13}},"type":"if","locations":[{"start":{"line":9,"column":12},"end":{"line":11,"column":13}},{"start":{},"end":{}}],"line":9},"1":{"loc":{"start":{"line":23,"column":12},"end":{"line":25,"column":13}},"type":"if","locations":[{"start":{"line":23,"column":12},"end":{"line":25,"column":13}},{"start":{},"end":{}}],"line":23}},"s":{"0":13,"1":2,"2":2,"3":2,"4":2,"5":2,"6":1,"7":1,"8":1,"9":1,"10":1,"11":1,"12":1,"13":1,"14":0,"15":1,"16":1,"17":0,"18":0,"19":13},"f":{"0":2,"1":1},"b":{"0":[1,1],"1":[0,1]},"_coverageSchema":"1a1c01bbd47fc00a2c39e90264f33305004495a9","hash":"290a9f20eb40748cfd5698ac7209431a437ad518"}
,"D:\\Hacktiv8\\Phase2\\IP-RMT42\\server\\controllers\\post.js": {"path":"D:\\Hacktiv8\\Phase2\\IP-RMT42\\server\\controllers\\post.js","statementMap":{"0":{"start":{"line":1,"column":49},"end":{"line":1,"column":69}},"1":{"start":{"line":2,"column":15},"end":{"line":2,"column":35}},"2":{"start":{"line":6,"column":8},"end":{"line":13,"column":9}},"3":{"start":{"line":7,"column":25},"end":{"line":7,"column":33}},"4":{"start":{"line":9,"column":25},"end":{"line":9,"column":69}},"5":{"start":{"line":10,"column":12},"end":{"line":10,"column":38}},"6":{"start":{"line":12,"column":12},"end":{"line":12,"column":23}},"7":{"start":{"line":17,"column":8},"end":{"line":73,"column":9}},"8":{"start":{"line":18,"column":51},"end":{"line":18,"column":60}},"9":{"start":{"line":19,"column":25},"end":{"line":19,"column":33}},"10":{"start":{"line":21,"column":12},"end":{"line":36,"column":13}},"11":{"start":{"line":22,"column":16},"end":{"line":27,"column":17}},"12":{"start":{"line":28,"column":19},"end":{"line":36,"column":13}},"13":{"start":{"line":29,"column":16},"end":{"line":29,"column":44}},"14":{"start":{"line":30,"column":19},"end":{"line":36,"column":13}},"15":{"start":{"line":31,"column":16},"end":{"line":35,"column":17}},"16":{"start":{"line":38,"column":12},"end":{"line":40,"column":13}},"17":{"start":{"line":39,"column":16},"end":{"line":39,"column":24}},"18":{"start":{"line":42,"column":12},"end":{"line":44,"column":13}},"19":{"start":{"line":43,"column":16},"end":{"line":43,"column":36}},"20":{"start":{"line":46,"column":28},"end":{"line":46,"column":56}},"21":{"start":{"line":48,"column":30},"end":{"line":48,"column":49}},"22":{"start":{"line":49,"column":30},"end":{"line":49,"column":35}},"23":{"start":{"line":51,"column":25},"end":{"line":68,"column":14}},"24":{"start":{"line":69,"column":12},"end":{"line":69,"column":68}},"25":{"start":{"line":71,"column":12},"end":{"line":71,"column":30}},"26":{"start":{"line":72,"column":12},"end":{"line":72,"column":23}},"27":{"start":{"line":77,"column":8},"end":{"line":100,"column":9}},"28":{"start":{"line":78,"column":29},"end":{"line":78,"column":39}},"29":{"start":{"line":79,"column":25},"end":{"line":92,"column":14}},"30":{"start":{"line":93,"column":12},"end":{"line":95,"column":13}},"31":{"start":{"line":94,"column":16},"end":{"line":94,"column":69}},"32":{"start":{"line":97,"column":12},"end":{"line":97,"column":38}},"33":{"start":{"line":99,"column":12},"end":{"line":99,"column":23}},"34":{"start":{"line":104,"column":8},"end":{"line":116,"column":9}},"35":{"start":{"line":105,"column":29},"end":{"line":105,"column":39}},"36":{"start":{"line":106,"column":25},"end":{"line":106,"column":52}},"37":{"start":{"line":107,"column":12},"end":{"line":109,"column":13}},"38":{"start":{"line":108,"column":16},"end":{"line":108,"column":69}},"39":{"start":{"line":111,"column":28},"end":{"line":111,"column":36}},"40":{"start":{"line":112,"column":28},"end":{"line":112,"column":54}},"41":{"start":{"line":113,"column":12},"end":{"line":113,"column":41}},"42":{"start":{"line":115,"column":12},"end":{"line":115,"column":23}},"43":{"start":{"line":120,"column":0},"end":{"line":120,"column":31}}},"fnMap":{"0":{"name":"(anonymous_0)","decl":{"start":{"line":5,"column":4},"end":{"line":5,"column":5}},"loc":{"start":{"line":5,"column":41},"end":{"line":14,"column":5}},"line":5},"1":{"name":"(anonymous_1)","decl":{"start":{"line":16,"column":4},"end":{"line":16,"column":5}},"loc":{"start":{"line":16,"column":39},"end":{"line":74,"column":5}},"line":16},"2":{"name":"(anonymous_2)","decl":{"start":{"line":76,"column":4},"end":{"line":76,"column":5}},"loc":{"start":{"line":76,"column":44},"end":{"line":101,"column":5}},"line":76},"3":{"name":"(anonymous_3)","decl":{"start":{"line":103,"column":4},"end":{"line":103,"column":5}},"loc":{"start":{"line":103,"column":42},"end":{"line":117,"column":5}},"line":103}},"branchMap":{"0":{"loc":{"start":{"line":21,"column":12},"end":{"line":36,"column":13}},"type":"if","locations":[{"start":{"line":21,"column":12},"end":{"line":36,"column":13}},{"start":{"line":28,"column":19},"end":{"line":36,"column":13}}],"line":21},"1":{"loc":{"start":{"line":21,"column":16},"end":{"line":21,"column":34}},"type":"binary-expr","locations":[{"start":{"line":21,"column":16},"end":{"line":21,"column":24}},{"start":{"line":21,"column":28},"end":{"line":21,"column":34}}],"line":21},"2":{"loc":{"start":{"line":28,"column":19},"end":{"line":36,"column":13}},"type":"if","locations":[{"start":{"line":28,"column":19},"end":{"line":36,"column":13}},{"start":{"line":30,"column":19},"end":{"line":36,"column":13}}],"line":28},"3":{"loc":{"start":{"line":30,"column":19},"end":{"line":36,"column":13}},"type":"if","locations":[{"start":{"line":30,"column":19},"end":{"line":36,"column":13}},{"start":{},"end":{}}],"line":30},"4":{"loc":{"start":{"line":38,"column":12},"end":{"line":40,"column":13}},"type":"if","locations":[{"start":{"line":38,"column":12},"end":{"line":40,"column":13}},{"start":{},"end":{}}],"line":38},"5":{"loc":{"start":{"line":42,"column":12},"end":{"line":44,"column":13}},"type":"if","locations":[{"start":{"line":42,"column":12},"end":{"line":44,"column":13}},{"start":{},"end":{}}],"line":42},"6":{"loc":{"start":{"line":93,"column":12},"end":{"line":95,"column":13}},"type":"if","locations":[{"start":{"line":93,"column":12},"end":{"line":95,"column":13}},{"start":{},"end":{}}],"line":93},"7":{"loc":{"start":{"line":107,"column":12},"end":{"line":109,"column":13}},"type":"if","locations":[{"start":{"line":107,"column":12},"end":{"line":109,"column":13}},{"start":{},"end":{}}],"line":107}},"s":{"0":13,"1":13,"2":3,"3":3,"4":3,"5":1,"6":2,"7":1,"8":1,"9":1,"10":1,"11":0,"12":1,"13":0,"14":1,"15":0,"16":1,"17":1,"18":1,"19":1,"20":1,"21":1,"22":1,"23":1,"24":1,"25":0,"26":0,"27":1,"28":1,"29":1,"30":1,"31":0,"32":1,"33":0,"34":1,"35":1,"36":1,"37":1,"38":0,"39":1,"40":1,"41":1,"42":0,"43":13},"f":{"0":3,"1":1,"2":1,"3":1},"b":{"0":[0,1],"1":[1,0],"2":[0,1],"3":[0,1],"4":[1,0],"5":[1,0],"6":[0,1],"7":[0,1]},"_coverageSchema":"1a1c01bbd47fc00a2c39e90264f33305004495a9","hash":"ae4932e543b55c88abb304cbb29599ffdd91adff"}
,"D:\\Hacktiv8\\Phase2\\IP-RMT42\\server\\controllers\\profile.js": {"path":"D:\\Hacktiv8\\Phase2\\IP-RMT42\\server\\controllers\\profile.js","statementMap":{"0":{"start":{"line":1,"column":30},"end":{"line":1,"column":50}},"1":{"start":{"line":6,"column":8},"end":{"line":21,"column":9}},"2":{"start":{"line":7,"column":31},"end":{"line":7,"column":41}},"3":{"start":{"line":8,"column":28},"end":{"line":8,"column":36}},"4":{"start":{"line":10,"column":25},"end":{"line":10,"column":64}},"5":{"start":{"line":11,"column":12},"end":{"line":13,"column":13}},"6":{"start":{"line":12,"column":16},"end":{"line":12,"column":67}},"7":{"start":{"line":15,"column":25},"end":{"line":15,"column":69}},"8":{"start":{"line":17,"column":28},"end":{"line":17,"column":54}},"9":{"start":{"line":18,"column":12},"end":{"line":18,"column":41}},"10":{"start":{"line":20,"column":12},"end":{"line":20,"column":23}},"11":{"start":{"line":25,"column":8},"end":{"line":44,"column":9}},"12":{"start":{"line":26,"column":31},"end":{"line":26,"column":41}},"13":{"start":{"line":27,"column":25},"end":{"line":27,"column":74}},"14":{"start":{"line":28,"column":12},"end":{"line":30,"column":13}},"15":{"start":{"line":29,"column":16},"end":{"line":29,"column":67}},"16":{"start":{"line":32,"column":28},"end":{"line":40,"column":14}},"17":{"start":{"line":41,"column":12},"end":{"line":41,"column":41}},"18":{"start":{"line":43,"column":12},"end":{"line":43,"column":23}},"19":{"start":{"line":48,"column":0},"end":{"line":48,"column":34}}},"fnMap":{"0":{"name":"(anonymous_0)","decl":{"start":{"line":5,"column":4},"end":{"line":5,"column":5}},"loc":{"start":{"line":5,"column":45},"end":{"line":22,"column":5}},"line":5},"1":{"name":"(anonymous_1)","decl":{"start":{"line":24,"column":4},"end":{"line":24,"column":5}},"loc":{"start":{"line":24,"column":44},"end":{"line":45,"column":5}},"line":24}},"branchMap":{"0":{"loc":{"start":{"line":11,"column":12},"end":{"line":13,"column":13}},"type":"if","locations":[{"start":{"line":11,"column":12},"end":{"line":13,"column":13}},{"start":{},"end":{}}],"line":11},"1":{"loc":{"start":{"line":28,"column":12},"end":{"line":30,"column":13}},"type":"if","locations":[{"start":{"line":28,"column":12},"end":{"line":30,"column":13}},{"start":{},"end":{}}],"line":28}},"s":{"0":13,"1":3,"2":3,"3":3,"4":3,"5":3,"6":0,"7":3,"8":3,"9":1,"10":2,"11":1,"12":1,"13":1,"14":1,"15":0,"16":1,"17":1,"18":0,"19":13},"f":{"0":3,"1":1},"b":{"0":[0,3],"1":[0,1]},"_coverageSchema":"1a1c01bbd47fc00a2c39e90264f33305004495a9","hash":"4cb1df92f9f22f89dfd36c751ac13ac386b34268"}
,"D:\\Hacktiv8\\Phase2\\IP-RMT42\\server\\controllers\\user.js": {"path":"D:\\Hacktiv8\\Phase2\\IP-RMT42\\server\\controllers\\user.js","statementMap":{"0":{"start":{"line":1,"column":28},"end":{"line":1,"column":55}},"1":{"start":{"line":2,"column":22},"end":{"line":2,"column":51}},"2":{"start":{"line":3,"column":22},"end":{"line":3,"column":46}},"3":{"start":{"line":4,"column":26},"end":{"line":4,"column":46}},"4":{"start":{"line":5,"column":25},"end":{"line":5,"column":55}},"5":{"start":{"line":6,"column":15},"end":{"line":6,"column":33}},"6":{"start":{"line":7,"column":23},"end":{"line":7,"column":49}},"7":{"start":{"line":11,"column":8},"end":{"line":40,"column":9}},"8":{"start":{"line":12,"column":40},"end":{"line":12,"column":48}},"9":{"start":{"line":13,"column":12},"end":{"line":15,"column":13}},"10":{"start":{"line":14,"column":16},"end":{"line":14,"column":74}},"11":{"start":{"line":16,"column":12},"end":{"line":18,"column":13}},"12":{"start":{"line":17,"column":16},"end":{"line":17,"column":77}},"13":{"start":{"line":20,"column":25},"end":{"line":20,"column":65}},"14":{"start":{"line":21,"column":12},"end":{"line":23,"column":13}},"15":{"start":{"line":22,"column":16},"end":{"line":22,"column":84}},"16":{"start":{"line":25,"column":12},"end":{"line":34,"column":13}},"17":{"start":{"line":26,"column":32},"end":{"line":26,"column":72}},"18":{"start":{"line":27,"column":16},"end":{"line":29,"column":17}},"19":{"start":{"line":28,"column":20},"end":{"line":28,"column":88}},"20":{"start":{"line":31,"column":16},"end":{"line":33,"column":17}},"21":{"start":{"line":32,"column":20},"end":{"line":32,"column":88}},"22":{"start":{"line":36,"column":33},"end":{"line":36,"column":59}},"23":{"start":{"line":37,"column":12},"end":{"line":37,"column":50}},"24":{"start":{"line":39,"column":12},"end":{"line":39,"column":23}},"25":{"start":{"line":44,"column":8},"end":{"line":71,"column":9}},"26":{"start":{"line":45,"column":27},"end":{"line":48,"column":14}},"27":{"start":{"line":49,"column":12},"end":{"line":49,"column":45}},"28":{"start":{"line":50,"column":28},"end":{"line":50,"column":47}},"29":{"start":{"line":52,"column":23},"end":{"line":52,"column":78}},"30":{"start":{"line":53,"column":12},"end":{"line":64,"column":13}},"31":{"start":{"line":54,"column":16},"end":{"line":58,"column":18}},"32":{"start":{"line":59,"column":30},"end":{"line":59,"column":42}},"33":{"start":{"line":60,"column":29},"end":{"line":60,"column":50}},"34":{"start":{"line":62,"column":28},"end":{"line":62,"column":60}},"35":{"start":{"line":63,"column":16},"end":{"line":63,"column":145}},"36":{"start":{"line":67,"column":33},"end":{"line":67,"column":59}},"37":{"start":{"line":68,"column":12},"end":{"line":68,"column":50}},"38":{"start":{"line":70,"column":12},"end":{"line":70,"column":23}},"39":{"start":{"line":75,"column":8},"end":{"line":85,"column":9}},"40":{"start":{"line":76,"column":26},"end":{"line":76,"column":38}},"41":{"start":{"line":77,"column":25},"end":{"line":77,"column":46}},"42":{"start":{"line":79,"column":24},"end":{"line":79,"column":56}},"43":{"start":{"line":80,"column":25},"end":{"line":80,"column":75}},"44":{"start":{"line":81,"column":12},"end":{"line":81,"column":141}},"45":{"start":{"line":82,"column":12},"end":{"line":82,"column":38}},"46":{"start":{"line":84,"column":12},"end":{"line":84,"column":23}},"47":{"start":{"line":89,"column":8},"end":{"line":110,"column":9}},"48":{"start":{"line":90,"column":31},"end":{"line":90,"column":41}},"49":{"start":{"line":91,"column":32},"end":{"line":91,"column":40}},"50":{"start":{"line":92,"column":25},"end":{"line":92,"column":52}},"51":{"start":{"line":93,"column":28},"end":{"line":93,"column":81}},"52":{"start":{"line":95,"column":12},"end":{"line":97,"column":13}},"53":{"start":{"line":96,"column":16},"end":{"line":96,"column":69}},"54":{"start":{"line":99,"column":12},"end":{"line":101,"column":13}},"55":{"start":{"line":100,"column":16},"end":{"line":100,"column":74}},"56":{"start":{"line":103,"column":12},"end":{"line":103,"column":56}},"57":{"start":{"line":104,"column":31},"end":{"line":104,"column":72}},"58":{"start":{"line":106,"column":12},"end":{"line":106,"column":48}},"59":{"start":{"line":108,"column":12},"end":{"line":108,"column":30}},"60":{"start":{"line":109,"column":12},"end":{"line":109,"column":23}},"61":{"start":{"line":114,"column":8},"end":{"line":150,"column":9}},"62":{"start":{"line":115,"column":31},"end":{"line":115,"column":41}},"63":{"start":{"line":116,"column":25},"end":{"line":116,"column":52}},"64":{"start":{"line":117,"column":28},"end":{"line":117,"column":81}},"65":{"start":{"line":119,"column":25},"end":{"line":122,"column":14}},"66":{"start":{"line":124,"column":28},"end":{"line":124,"column":60}},"67":{"start":{"line":126,"column":30},"end":{"line":139,"column":13}},"68":{"start":{"line":141,"column":30},"end":{"line":141,"column":69}},"69":{"start":{"line":143,"column":12},"end":{"line":145,"column":13}},"70":{"start":{"line":144,"column":16},"end":{"line":144,"column":69}},"71":{"start":{"line":147,"column":12},"end":{"line":147,"column":71}},"72":{"start":{"line":154,"column":0},"end":{"line":154,"column":31}}},"fnMap":{"0":{"name":"(anonymous_0)","decl":{"start":{"line":10,"column":4},"end":{"line":10,"column":5}},"loc":{"start":{"line":10,"column":39},"end":{"line":41,"column":5}},"line":10},"1":{"name":"(anonymous_1)","decl":{"start":{"line":43,"column":4},"end":{"line":43,"column":5}},"loc":{"start":{"line":43,"column":44},"end":{"line":72,"column":5}},"line":43},"2":{"name":"(anonymous_2)","decl":{"start":{"line":74,"column":4},"end":{"line":74,"column":5}},"loc":{"start":{"line":74,"column":42},"end":{"line":86,"column":5}},"line":74},"3":{"name":"(anonymous_3)","decl":{"start":{"line":88,"column":4},"end":{"line":88,"column":5}},"loc":{"start":{"line":88,"column":45},"end":{"line":111,"column":5}},"line":88},"4":{"name":"(anonymous_4)","decl":{"start":{"line":113,"column":4},"end":{"line":113,"column":5}},"loc":{"start":{"line":113,"column":41},"end":{"line":151,"column":5}},"line":113}},"branchMap":{"0":{"loc":{"start":{"line":13,"column":12},"end":{"line":15,"column":13}},"type":"if","locations":[{"start":{"line":13,"column":12},"end":{"line":15,"column":13}},{"start":{},"end":{}}],"line":13},"1":{"loc":{"start":{"line":16,"column":12},"end":{"line":18,"column":13}},"type":"if","locations":[{"start":{"line":16,"column":12},"end":{"line":18,"column":13}},{"start":{},"end":{}}],"line":16},"2":{"loc":{"start":{"line":21,"column":12},"end":{"line":23,"column":13}},"type":"if","locations":[{"start":{"line":21,"column":12},"end":{"line":23,"column":13}},{"start":{},"end":{}}],"line":21},"3":{"loc":{"start":{"line":25,"column":12},"end":{"line":34,"column":13}},"type":"if","locations":[{"start":{"line":25,"column":12},"end":{"line":34,"column":13}},{"start":{"line":30,"column":19},"end":{"line":34,"column":13}}],"line":25},"4":{"loc":{"start":{"line":27,"column":16},"end":{"line":29,"column":17}},"type":"if","locations":[{"start":{"line":27,"column":16},"end":{"line":29,"column":17}},{"start":{},"end":{}}],"line":27},"5":{"loc":{"start":{"line":31,"column":16},"end":{"line":33,"column":17}},"type":"if","locations":[{"start":{"line":31,"column":16},"end":{"line":33,"column":17}},{"start":{},"end":{}}],"line":31},"6":{"loc":{"start":{"line":53,"column":12},"end":{"line":64,"column":13}},"type":"if","locations":[{"start":{"line":53,"column":12},"end":{"line":64,"column":13}},{"start":{},"end":{}}],"line":53},"7":{"loc":{"start":{"line":95,"column":12},"end":{"line":97,"column":13}},"type":"if","locations":[{"start":{"line":95,"column":12},"end":{"line":97,"column":13}},{"start":{},"end":{}}],"line":95},"8":{"loc":{"start":{"line":99,"column":12},"end":{"line":101,"column":13}},"type":"if","locations":[{"start":{"line":99,"column":12},"end":{"line":101,"column":13}},{"start":{},"end":{}}],"line":99},"9":{"loc":{"start":{"line":143,"column":12},"end":{"line":145,"column":13}},"type":"if","locations":[{"start":{"line":143,"column":12},"end":{"line":145,"column":13}},{"start":{},"end":{}}],"line":143}},"s":{"0":13,"1":13,"2":13,"3":13,"4":13,"5":13,"6":13,"7":4,"8":4,"9":4,"10":1,"11":3,"12":1,"13":2,"14":2,"15":1,"16":1,"17":1,"18":1,"19":0,"20":0,"21":0,"22":1,"23":1,"24":3,"25":0,"26":0,"27":0,"28":0,"29":0,"30":0,"31":0,"32":0,"33":0,"34":0,"35":0,"36":0,"37":0,"38":0,"39":10,"40":10,"41":10,"42":10,"43":10,"44":1,"45":1,"46":9,"47":1,"48":1,"49":1,"50":1,"51":1,"52":1,"53":0,"54":1,"55":0,"56":1,"57":1,"58":1,"59":0,"60":0,"61":0,"62":0,"63":0,"64":0,"65":0,"66":0,"67":0,"68":0,"69":0,"70":0,"71":0,"72":13},"f":{"0":4,"1":0,"2":10,"3":1,"4":0},"b":{"0":[1,3],"1":[1,2],"2":[1,1],"3":[1,0],"4":[0,1],"5":[0,0],"6":[0,0],"7":[0,1],"8":[0,1],"9":[0,0]},"_coverageSchema":"1a1c01bbd47fc00a2c39e90264f33305004495a9","hash":"4ca350c1c1a19db3825cd866bdd88617ecd687d4"}
,"D:\\Hacktiv8\\Phase2\\IP-RMT42\\server\\helper\\bcrypt.js": {"path":"D:\\Hacktiv8\\Phase2\\IP-RMT42\\server\\helper\\bcrypt.js","statementMap":{"0":{"start":{"line":1,"column":15},"end":{"line":1,"column":32}},"1":{"start":{"line":3,"column":21},"end":{"line":6,"column":1}},"2":{"start":{"line":4,"column":17},"end":{"line":4,"column":39}},"3":{"start":{"line":5,"column":4},"end":{"line":5,"column":42}},"4":{"start":{"line":8,"column":24},"end":{"line":10,"column":1}},"5":{"start":{"line":9,"column":4},"end":{"line":9,"column":53}},"6":{"start":{"line":12,"column":0},"end":{"line":12,"column":48}}},"fnMap":{"0":{"name":"(anonymous_0)","decl":{"start":{"line":3,"column":21},"end":{"line":3,"column":22}},"loc":{"start":{"line":3,"column":35},"end":{"line":6,"column":1}},"line":3},"1":{"name":"(anonymous_1)","decl":{"start":{"line":8,"column":24},"end":{"line":8,"column":25}},"loc":{"start":{"line":8,"column":52},"end":{"line":10,"column":1}},"line":8}},"branchMap":{},"s":{"0":13,"1":13,"2":16,"3":16,"4":13,"5":1,"6":13},"f":{"0":16,"1":1},"b":{},"_coverageSchema":"1a1c01bbd47fc00a2c39e90264f33305004495a9","hash":"865a7109a4788b9d7a2b4081856417b48499c933"}
,"D:\\Hacktiv8\\Phase2\\IP-RMT42\\server\\helper\\dicebear.js": {"path":"D:\\Hacktiv8\\Phase2\\IP-RMT42\\server\\helper\\dicebear.js","statementMap":{"0":{"start":{"line":1,"column":14},"end":{"line":1,"column":35}},"1":{"start":{"line":5,"column":4},"end":{"line":12,"column":5}},"2":{"start":{"line":6,"column":25},"end":{"line":6,"column":94}},"3":{"start":{"line":7,"column":8},"end":{"line":9,"column":9}},"4":{"start":{"line":8,"column":12},"end":{"line":8,"column":31}},"5":{"start":{"line":11,"column":8},"end":{"line":11,"column":38}},"6":{"start":{"line":15,"column":0},"end":{"line":15,"column":30}}},"fnMap":{"0":{"name":"getProfileImg","decl":{"start":{"line":4,"column":15},"end":{"line":4,"column":28}},"loc":{"start":{"line":4,"column":42},"end":{"line":13,"column":1}},"line":4}},"branchMap":{"0":{"loc":{"start":{"line":7,"column":8},"end":{"line":9,"column":9}},"type":"if","locations":[{"start":{"line":7,"column":8},"end":{"line":9,"column":9}},{"start":{},"end":{}}],"line":7}},"s":{"0":13,"1":10,"2":10,"3":10,"4":10,"5":0,"6":13},"f":{"0":10},"b":{"0":[10,0]},"_coverageSchema":"1a1c01bbd47fc00a2c39e90264f33305004495a9","hash":"0470f848302ef71ce60a016e331d3a010edc887e"}
,"D:\\Hacktiv8\\Phase2\\IP-RMT42\\server\\helper\\jwt.js": {"path":"D:\\Hacktiv8\\Phase2\\IP-RMT42\\server\\helper\\jwt.js","statementMap":{"0":{"start":{"line":1,"column":12},"end":{"line":1,"column":35}},"1":{"start":{"line":3,"column":19},"end":{"line":3,"column":41}},"2":{"start":{"line":5,"column":18},"end":{"line":7,"column":1}},"3":{"start":{"line":6,"column":4},"end":{"line":6,"column":40}},"4":{"start":{"line":9,"column":20},"end":{"line":11,"column":1}},"5":{"start":{"line":10,"column":4},"end":{"line":10,"column":40}},"6":{"start":{"line":13,"column":0},"end":{"line":13,"column":41}}},"fnMap":{"0":{"name":"(anonymous_0)","decl":{"start":{"line":5,"column":18},"end":{"line":5,"column":19}},"loc":{"start":{"line":5,"column":31},"end":{"line":7,"column":1}},"line":5},"1":{"name":"(anonymous_1)","decl":{"start":{"line":9,"column":20},"end":{"line":9,"column":21}},"loc":{"start":{"line":9,"column":31},"end":{"line":11,"column":1}},"line":9}},"branchMap":{},"s":{"0":13,"1":13,"2":13,"3":12,"4":13,"5":21,"6":13},"f":{"0":12,"1":21},"b":{},"_coverageSchema":"1a1c01bbd47fc00a2c39e90264f33305004495a9","hash":"471c81139fe2ad83deca25bf4a38fc080ecdfc85"}
,"D:\\Hacktiv8\\Phase2\\IP-RMT42\\server\\middlewares\\authentication.js": {"path":"D:\\Hacktiv8\\Phase2\\IP-RMT42\\server\\middlewares\\authentication.js","statementMap":{"0":{"start":{"line":1,"column":24},"end":{"line":1,"column":48}},"1":{"start":{"line":2,"column":17},"end":{"line":2,"column":37}},"2":{"start":{"line":5,"column":4},"end":{"line":28,"column":5}},"3":{"start":{"line":6,"column":8},"end":{"line":8,"column":9}},"4":{"start":{"line":7,"column":12},"end":{"line":7,"column":45}},"5":{"start":{"line":10,"column":29},"end":{"line":10,"column":68}},"6":{"start":{"line":11,"column":23},"end":{"line":11,"column":48}},"7":{"start":{"line":12,"column":21},"end":{"line":12,"column":44}},"8":{"start":{"line":13,"column":8},"end":{"line":15,"column":9}},"9":{"start":{"line":14,"column":12},"end":{"line":14,"column":45}},"10":{"start":{"line":17,"column":8},"end":{"line":23,"column":9}},"11":{"start":{"line":25,"column":8},"end":{"line":25,"column":14}},"12":{"start":{"line":27,"column":8},"end":{"line":27,"column":19}},"13":{"start":{"line":31,"column":0},"end":{"line":31,"column":31}}},"fnMap":{"0":{"name":"authentication","decl":{"start":{"line":4,"column":15},"end":{"line":4,"column":29}},"loc":{"start":{"line":4,"column":46},"end":{"line":29,"column":1}},"line":4}},"branchMap":{"0":{"loc":{"start":{"line":6,"column":8},"end":{"line":8,"column":9}},"type":"if","locations":[{"start":{"line":6,"column":8},"end":{"line":8,"column":9}},{"start":{},"end":{}}],"line":6},"1":{"loc":{"start":{"line":13,"column":8},"end":{"line":15,"column":9}},"type":"if","locations":[{"start":{"line":13,"column":8},"end":{"line":15,"column":9}},{"start":{},"end":{}}],"line":13}},"s":{"0":13,"1":13,"2":21,"3":21,"4":0,"5":21,"6":21,"7":21,"8":21,"9":1,"10":20,"11":20,"12":1,"13":13},"f":{"0":21},"b":{"0":[0,21],"1":[1,20]},"_coverageSchema":"1a1c01bbd47fc00a2c39e90264f33305004495a9","hash":"57f5573840d288524ba4759a5cb97780be985d24"}
,"D:\\Hacktiv8\\Phase2\\IP-RMT42\\server\\middlewares\\authorization.js": {"path":"D:\\Hacktiv8\\Phase2\\IP-RMT42\\server\\middlewares\\authorization.js","statementMap":{"0":{"start":{"line":1,"column":41},"end":{"line":1,"column":61}},"1":{"start":{"line":4,"column":4},"end":{"line":14,"column":5}},"2":{"start":{"line":5,"column":23},"end":{"line":5,"column":31}},"3":{"start":{"line":6,"column":24},"end":{"line":6,"column":72}},"4":{"start":{"line":7,"column":8},"end":{"line":9,"column":9}},"5":{"start":{"line":8,"column":12},"end":{"line":8,"column":74}},"6":{"start":{"line":11,"column":8},"end":{"line":11,"column":14}},"7":{"start":{"line":13,"column":8},"end":{"line":13,"column":19}},"8":{"start":{"line":18,"column":4},"end":{"line":33,"column":5}},"9":{"start":{"line":19,"column":23},"end":{"line":19,"column":31}},"10":{"start":{"line":20,"column":27},"end":{"line":20,"column":37}},"11":{"start":{"line":21,"column":21},"end":{"line":21,"column":48}},"12":{"start":{"line":22,"column":8},"end":{"line":24,"column":9}},"13":{"start":{"line":23,"column":12},"end":{"line":23,"column":65}},"14":{"start":{"line":26,"column":8},"end":{"line":28,"column":9}},"15":{"start":{"line":27,"column":12},"end":{"line":27,"column":74}},"16":{"start":{"line":30,"column":8},"end":{"line":30,"column":14}},"17":{"start":{"line":32,"column":8},"end":{"line":32,"column":19}},"18":{"start":{"line":38,"column":4},"end":{"line":71,"column":5}},"19":{"start":{"line":39,"column":8},"end":{"line":41,"column":9}},"20":{"start":{"line":40,"column":12},"end":{"line":40,"column":63}},"21":{"start":{"line":43,"column":23},"end":{"line":43,"column":31}},"22":{"start":{"line":44,"column":27},"end":{"line":44,"column":37}},"23":{"start":{"line":45,"column":21},"end":{"line":45,"column":48}},"24":{"start":{"line":46,"column":8},"end":{"line":48,"column":9}},"25":{"start":{"line":47,"column":12},"end":{"line":47,"column":65}},"26":{"start":{"line":50,"column":21},"end":{"line":50,"column":44}},"27":{"start":{"line":52,"column":8},"end":{"line":54,"column":9}},"28":{"start":{"line":53,"column":12},"end":{"line":53,"column":65}},"29":{"start":{"line":56,"column":8},"end":{"line":58,"column":9}},"30":{"start":{"line":57,"column":12},"end":{"line":57,"column":25}},"31":{"start":{"line":60,"column":8},"end":{"line":62,"column":9}},"32":{"start":{"line":61,"column":12},"end":{"line":61,"column":25}},"33":{"start":{"line":64,"column":8},"end":{"line":66,"column":9}},"34":{"start":{"line":65,"column":12},"end":{"line":65,"column":74}},"35":{"start":{"line":68,"column":8},"end":{"line":68,"column":14}},"36":{"start":{"line":70,"column":8},"end":{"line":70,"column":19}},"37":{"start":{"line":75,"column":4},"end":{"line":91,"column":5}},"38":{"start":{"line":76,"column":23},"end":{"line":76,"column":31}},"39":{"start":{"line":77,"column":30},"end":{"line":77,"column":40}},"40":{"start":{"line":79,"column":24},"end":{"line":79,"column":57}},"41":{"start":{"line":80,"column":8},"end":{"line":82,"column":9}},"42":{"start":{"line":81,"column":12},"end":{"line":81,"column":68}},"43":{"start":{"line":84,"column":8},"end":{"line":86,"column":9}},"44":{"start":{"line":85,"column":12},"end":{"line":85,"column":74}},"45":{"start":{"line":88,"column":8},"end":{"line":88,"column":14}},"46":{"start":{"line":90,"column":8},"end":{"line":90,"column":19}},"47":{"start":{"line":94,"column":0},"end":{"line":94,"column":103}}},"fnMap":{"0":{"name":"profileAuthorization","decl":{"start":{"line":3,"column":15},"end":{"line":3,"column":35}},"loc":{"start":{"line":3,"column":52},"end":{"line":15,"column":1}},"line":3},"1":{"name":"postAuthorization","decl":{"start":{"line":17,"column":15},"end":{"line":17,"column":32}},"loc":{"start":{"line":17,"column":49},"end":{"line":35,"column":1}},"line":17},"2":{"name":"statusAuthorization","decl":{"start":{"line":37,"column":15},"end":{"line":37,"column":34}},"loc":{"start":{"line":37,"column":51},"end":{"line":72,"column":1}},"line":37},"3":{"name":"commentAuthorization","decl":{"start":{"line":74,"column":15},"end":{"line":74,"column":35}},"loc":{"start":{"line":74,"column":52},"end":{"line":92,"column":1}},"line":74}},"branchMap":{"0":{"loc":{"start":{"line":7,"column":8},"end":{"line":9,"column":9}},"type":"if","locations":[{"start":{"line":7,"column":8},"end":{"line":9,"column":9}},{"start":{},"end":{}}],"line":7},"1":{"loc":{"start":{"line":22,"column":8},"end":{"line":24,"column":9}},"type":"if","locations":[{"start":{"line":22,"column":8},"end":{"line":24,"column":9}},{"start":{},"end":{}}],"line":22},"2":{"loc":{"start":{"line":26,"column":8},"end":{"line":28,"column":9}},"type":"if","locations":[{"start":{"line":26,"column":8},"end":{"line":28,"column":9}},{"start":{},"end":{}}],"line":26},"3":{"loc":{"start":{"line":39,"column":8},"end":{"line":41,"column":9}},"type":"if","locations":[{"start":{"line":39,"column":8},"end":{"line":41,"column":9}},{"start":{},"end":{}}],"line":39},"4":{"loc":{"start":{"line":46,"column":8},"end":{"line":48,"column":9}},"type":"if","locations":[{"start":{"line":46,"column":8},"end":{"line":48,"column":9}},{"start":{},"end":{}}],"line":46},"5":{"loc":{"start":{"line":52,"column":8},"end":{"line":54,"column":9}},"type":"if","locations":[{"start":{"line":52,"column":8},"end":{"line":54,"column":9}},{"start":{},"end":{}}],"line":52},"6":{"loc":{"start":{"line":56,"column":8},"end":{"line":58,"column":9}},"type":"if","locations":[{"start":{"line":56,"column":8},"end":{"line":58,"column":9}},{"start":{},"end":{}}],"line":56},"7":{"loc":{"start":{"line":60,"column":8},"end":{"line":62,"column":9}},"type":"if","locations":[{"start":{"line":60,"column":8},"end":{"line":62,"column":9}},{"start":{},"end":{}}],"line":60},"8":{"loc":{"start":{"line":64,"column":8},"end":{"line":66,"column":9}},"type":"if","locations":[{"start":{"line":64,"column":8},"end":{"line":66,"column":9}},{"start":{},"end":{}}],"line":64},"9":{"loc":{"start":{"line":80,"column":8},"end":{"line":82,"column":9}},"type":"if","locations":[{"start":{"line":80,"column":8},"end":{"line":82,"column":9}},{"start":{},"end":{}}],"line":80},"10":{"loc":{"start":{"line":84,"column":8},"end":{"line":86,"column":9}},"type":"if","locations":[{"start":{"line":84,"column":8},"end":{"line":86,"column":9}},{"start":{},"end":{}}],"line":84}},"s":{"0":13,"1":3,"2":3,"3":3,"4":3,"5":0,"6":3,"7":0,"8":1,"9":1,"10":1,"11":1,"12":1,"13":0,"14":1,"15":0,"16":1,"17":0,"18":2,"19":2,"20":0,"21":2,"22":2,"23":2,"24":2,"25":1,"26":1,"27":1,"28":0,"29":1,"30":0,"31":1,"32":1,"33":0,"34":0,"35":0,"36":1,"37":2,"38":2,"39":2,"40":2,"41":2,"42":1,"43":1,"44":0,"45":1,"46":1,"47":13},"f":{"0":3,"1":1,"2":2,"3":2},"b":{"0":[0,3],"1":[0,1],"2":[0,1],"3":[0,2],"4":[1,1],"5":[0,1],"6":[0,1],"7":[1,0],"8":[0,0],"9":[1,1],"10":[0,1]},"_coverageSchema":"1a1c01bbd47fc00a2c39e90264f33305004495a9","hash":"514263aad20be965a5944ac4ea7d3ff2f6f0c622"}
,"D:\\Hacktiv8\\Phase2\\IP-RMT42\\server\\middlewares\\errorHandler.js": {"path":"D:\\Hacktiv8\\Phase2\\IP-RMT42\\server\\middlewares\\errorHandler.js","statementMap":{"0":{"start":{"line":3,"column":4},"end":{"line":35,"column":5}},"1":{"start":{"line":5,"column":12},"end":{"line":5,"column":58}},"2":{"start":{"line":6,"column":12},"end":{"line":6,"column":18}},"3":{"start":{"line":8,"column":12},"end":{"line":8,"column":58}},"4":{"start":{"line":9,"column":12},"end":{"line":9,"column":18}},"5":{"start":{"line":11,"column":12},"end":{"line":11,"column":58}},"6":{"start":{"line":12,"column":12},"end":{"line":12,"column":18}},"7":{"start":{"line":14,"column":12},"end":{"line":14,"column":58}},"8":{"start":{"line":15,"column":12},"end":{"line":15,"column":18}},"9":{"start":{"line":18,"column":12},"end":{"line":24,"column":13}},"10":{"start":{"line":19,"column":16},"end":{"line":19,"column":70}},"11":{"start":{"line":20,"column":19},"end":{"line":24,"column":13}},"12":{"start":{"line":21,"column":16},"end":{"line":21,"column":73}},"13":{"start":{"line":23,"column":16},"end":{"line":23,"column":72}},"14":{"start":{"line":25,"column":12},"end":{"line":25,"column":18}},"15":{"start":{"line":27,"column":12},"end":{"line":27,"column":70}},"16":{"start":{"line":28,"column":12},"end":{"line":28,"column":18}},"17":{"start":{"line":30,"column":12},"end":{"line":30,"column":58}},"18":{"start":{"line":31,"column":12},"end":{"line":31,"column":18}},"19":{"start":{"line":33,"column":12},"end":{"line":33,"column":68}},"20":{"start":{"line":34,"column":12},"end":{"line":34,"column":18}},"21":{"start":{"line":38,"column":0},"end":{"line":38,"column":29}}},"fnMap":{"0":{"name":"errorHandler","decl":{"start":{"line":2,"column":9},"end":{"line":2,"column":21}},"loc":{"start":{"line":2,"column":45},"end":{"line":36,"column":1}},"line":2}},"branchMap":{"0":{"loc":{"start":{"line":3,"column":4},"end":{"line":35,"column":5}},"type":"switch","locations":[{"start":{"line":4,"column":8},"end":{"line":6,"column":18}},{"start":{"line":7,"column":8},"end":{"line":9,"column":18}},{"start":{"line":10,"column":8},"end":{"line":12,"column":18}},{"start":{"line":13,"column":8},"end":{"line":15,"column":18}},{"start":{"line":16,"column":8},"end":{"line":16,"column":40}},{"start":{"line":17,"column":8},"end":{"line":25,"column":18}},{"start":{"line":26,"column":8},"end":{"line":28,"column":18}},{"start":{"line":29,"column":8},"end":{"line":31,"column":18}},{"start":{"line":32,"column":8},"end":{"line":34,"column":18}}],"line":3},"1":{"loc":{"start":{"line":18,"column":12},"end":{"line":24,"column":13}},"type":"if","locations":[{"start":{"line":18,"column":12},"end":{"line":24,"column":13}},{"start":{"line":20,"column":19},"end":{"line":24,"column":13}}],"line":18},"2":{"loc":{"start":{"line":20,"column":19},"end":{"line":24,"column":13}},"type":"if","locations":[{"start":{"line":20,"column":19},"end":{"line":24,"column":13}},{"start":{"line":22,"column":19},"end":{"line":24,"column":13}}],"line":20}},"s":{"0":22,"1":2,"2":2,"3":1,"4":1,"5":3,"6":3,"7":0,"8":0,"9":15,"10":1,"11":14,"12":1,"13":13,"14":15,"15":1,"16":1,"17":0,"18":0,"19":0,"20":0,"21":13},"f":{"0":22},"b":{"0":[2,1,3,0,13,15,1,0,0],"1":[1,14],"2":[1,13]},"_coverageSchema":"1a1c01bbd47fc00a2c39e90264f33305004495a9","hash":"506a60e95c03f4940257f850e6fa36c3b7c24e51"}
,"D:\\Hacktiv8\\Phase2\\IP-RMT42\\server\\models\\category.js": {"path":"D:\\Hacktiv8\\Phase2\\IP-RMT42\\server\\models\\category.js","statementMap":{"0":{"start":{"line":4,"column":4},"end":{"line":4,"column":24}},"1":{"start":{"line":5,"column":0},"end":{"line":35,"column":2}},"2":{"start":{"line":14,"column":6},"end":{"line":14,"column":63}},"3":{"start":{"line":17,"column":2},"end":{"line":33,"column":5}},"4":{"start":{"line":34,"column":2},"end":{"line":34,"column":18}}},"fnMap":{"0":{"name":"(anonymous_0)","decl":{"start":{"line":5,"column":17},"end":{"line":5,"column":18}},"loc":{"start":{"line":5,"column":43},"end":{"line":35,"column":1}},"line":5},"1":{"name":"(anonymous_1)","decl":{"start":{"line":12,"column":4},"end":{"line":12,"column":5}},"loc":{"start":{"line":12,"column":29},"end":{"line":15,"column":5}},"line":12}},"branchMap":{},"s":{"0":13,"1":13,"2":13,"3":13,"4":13},"f":{"0":13,"1":13},"b":{},"_coverageSchema":"1a1c01bbd47fc00a2c39e90264f33305004495a9","hash":"af731360013989313cbca3217edaa2bede9d9a6a"}
,"D:\\Hacktiv8\\Phase2\\IP-RMT42\\server\\models\\comment.js": {"path":"D:\\Hacktiv8\\Phase2\\IP-RMT42\\server\\models\\comment.js","statementMap":{"0":{"start":{"line":4,"column":4},"end":{"line":4,"column":24}},"1":{"start":{"line":5,"column":0},"end":{"line":27,"column":2}},"2":{"start":{"line":14,"column":6},"end":{"line":14,"column":60}},"3":{"start":{"line":15,"column":6},"end":{"line":15,"column":60}},"4":{"start":{"line":18,"column":2},"end":{"line":25,"column":5}},"5":{"start":{"line":26,"column":2},"end":{"line":26,"column":17}}},"fnMap":{"0":{"name":"(anonymous_0)","decl":{"start":{"line":5,"column":17},"end":{"line":5,"column":18}},"loc":{"start":{"line":5,"column":43},"end":{"line":27,"column":1}},"line":5},"1":{"name":"(anonymous_1)","decl":{"start":{"line":12,"column":4},"end":{"line":12,"column":5}},"loc":{"start":{"line":12,"column":29},"end":{"line":16,"column":5}},"line":12}},"branchMap":{},"s":{"0":13,"1":13,"2":13,"3":13,"4":13,"5":13},"f":{"0":13,"1":13},"b":{},"_coverageSchema":"1a1c01bbd47fc00a2c39e90264f33305004495a9","hash":"5c9c0a253a2ffab801e3427b610a35e2b66cfe06"}
,"D:\\Hacktiv8\\Phase2\\IP-RMT42\\server\\models\\index.js": {"path":"D:\\Hacktiv8\\Phase2\\IP-RMT42\\server\\models\\index.js","statementMap":{"0":{"start":{"line":3,"column":11},"end":{"line":3,"column":24}},"1":{"start":{"line":4,"column":13},"end":{"line":4,"column":28}},"2":{"start":{"line":5,"column":18},"end":{"line":5,"column":38}},"3":{"start":{"line":6,"column":16},"end":{"line":6,"column":34}},"4":{"start":{"line":7,"column":17},"end":{"line":7,"column":42}},"5":{"start":{"line":8,"column":12},"end":{"line":8,"column":49}},"6":{"start":{"line":9,"column":15},"end":{"line":9,"column":65}},"7":{"start":{"line":10,"column":11},"end":{"line":10,"column":13}},"8":{"start":{"line":13,"column":0},"end":{"line":17,"column":1}},"9":{"start":{"line":14,"column":2},"end":{"line":14,"column":74}},"10":{"start":{"line":16,"column":2},"end":{"line":16,"column":87}},"11":{"start":{"line":19,"column":0},"end":{"line":32,"column":5}},"12":{"start":{"line":22,"column":4},"end":{"line":27,"column":6}},"13":{"start":{"line":30,"column":18},"end":{"line":30,"column":85}},"14":{"start":{"line":31,"column":4},"end":{"line":31,"column":27}},"15":{"start":{"line":34,"column":0},"end":{"line":38,"column":3}},"16":{"start":{"line":35,"column":2},"end":{"line":37,"column":3}},"17":{"start":{"line":36,"column":4},"end":{"line":36,"column":32}},"18":{"start":{"line":40,"column":0},"end":{"line":40,"column":25}},"19":{"start":{"line":41,"column":0},"end":{"line":41,"column":25}},"20":{"start":{"line":43,"column":0},"end":{"line":43,"column":20}}},"fnMap":{"0":{"name":"(anonymous_0)","decl":{"start":{"line":21,"column":10},"end":{"line":21,"column":11}},"loc":{"start":{"line":21,"column":18},"end":{"line":28,"column":3}},"line":21},"1":{"name":"(anonymous_1)","decl":{"start":{"line":29,"column":11},"end":{"line":29,"column":12}},"loc":{"start":{"line":29,"column":19},"end":{"line":32,"column":3}},"line":29},"2":{"name":"(anonymous_2)","decl":{"start":{"line":34,"column":24},"end":{"line":34,"column":25}},"loc":{"start":{"line":34,"column":37},"end":{"line":38,"column":1}},"line":34}},"branchMap":{"0":{"loc":{"start":{"line":8,"column":12},"end":{"line":8,"column":49}},"type":"binary-expr","locations":[{"start":{"line":8,"column":12},"end":{"line":8,"column":32}},{"start":{"line":8,"column":36},"end":{"line":8,"column":49}}],"line":8},"1":{"loc":{"start":{"line":13,"column":0},"end":{"line":17,"column":1}},"type":"if","locations":[{"start":{"line":13,"column":0},"end":{"line":17,"column":1}},{"start":{"line":15,"column":7},"end":{"line":17,"column":1}}],"line":13},"2":{"loc":{"start":{"line":23,"column":6},"end":{"line":26,"column":37}},"type":"binary-expr","locations":[{"start":{"line":23,"column":6},"end":{"line":23,"column":29}},{"start":{"line":24,"column":6},"end":{"line":24,"column":23}},{"start":{"line":25,"column":6},"end":{"line":25,"column":30}},{"start":{"line":26,"column":6},"end":{"line":26,"column":37}}],"line":23},"3":{"loc":{"start":{"line":35,"column":2},"end":{"line":37,"column":3}},"type":"if","locations":[{"start":{"line":35,"column":2},"end":{"line":37,"column":3}},{"start":{},"end":{}}],"line":35}},"s":{"0":13,"1":13,"2":13,"3":13,"4":13,"5":13,"6":13,"7":13,"8":13,"9":0,"10":13,"11":13,"12":78,"13":65,"14":65,"15":13,"16":65,"17":65,"18":13,"19":13,"20":13},"f":{"0":78,"1":65,"2":65},"b":{"0":[13,0],"1":[0,13],"2":[78,78,65,65],"3":[65,0]},"_coverageSchema":"1a1c01bbd47fc00a2c39e90264f33305004495a9","hash":"74f2b633393b7c76b189ad669a615dc0ffc5cafd"}
,"D:\\Hacktiv8\\Phase2\\IP-RMT42\\server\\models\\post.js": {"path":"D:\\Hacktiv8\\Phase2\\IP-RMT42\\server\\models\\post.js","statementMap":{"0":{"start":{"line":4,"column":4},"end":{"line":4,"column":24}},"1":{"start":{"line":5,"column":0},"end":{"line":63,"column":2}},"2":{"start":{"line":14,"column":6},"end":{"line":14,"column":57}},"3":{"start":{"line":15,"column":6},"end":{"line":15,"column":65}},"4":{"start":{"line":16,"column":6},"end":{"line":16,"column":58}},"5":{"start":{"line":19,"column":2},"end":{"line":61,"column":5}},"6":{"start":{"line":62,"column":2},"end":{"line":62,"column":14}}},"fnMap":{"0":{"name":"(anonymous_0)","decl":{"start":{"line":5,"column":17},"end":{"line":5,"column":18}},"loc":{"start":{"line":5,"column":43},"end":{"line":63,"column":1}},"line":5},"1":{"name":"(anonymous_1)","decl":{"start":{"line":12,"column":4},"end":{"line":12,"column":5}},"loc":{"start":{"line":12,"column":29},"end":{"line":17,"column":5}},"line":12}},"branchMap":{},"s":{"0":13,"1":13,"2":13,"3":13,"4":13,"5":13,"6":13},"f":{"0":13,"1":13},"b":{},"_coverageSchema":"1a1c01bbd47fc00a2c39e90264f33305004495a9","hash":"f5565bfd31d0f4f959b82a9c2f0b0cdf077ad57e"}
,"D:\\Hacktiv8\\Phase2\\IP-RMT42\\server\\models\\profile.js": {"path":"D:\\Hacktiv8\\Phase2\\IP-RMT42\\server\\models\\profile.js","statementMap":{"0":{"start":{"line":4,"column":4},"end":{"line":4,"column":24}},"1":{"start":{"line":5,"column":0},"end":{"line":51,"column":2}},"2":{"start":{"line":14,"column":6},"end":{"line":14,"column":36}},"3":{"start":{"line":17,"column":2},"end":{"line":49,"column":5}},"4":{"start":{"line":50,"column":2},"end":{"line":50,"column":17}}},"fnMap":{"0":{"name":"(anonymous_0)","decl":{"start":{"line":5,"column":17},"end":{"line":5,"column":18}},"loc":{"start":{"line":5,"column":43},"end":{"line":51,"column":1}},"line":5},"1":{"name":"(anonymous_1)","decl":{"start":{"line":12,"column":4},"end":{"line":12,"column":5}},"loc":{"start":{"line":12,"column":29},"end":{"line":15,"column":5}},"line":12}},"branchMap":{},"s":{"0":13,"1":13,"2":13,"3":13,"4":13},"f":{"0":13,"1":13},"b":{},"_coverageSchema":"1a1c01bbd47fc00a2c39e90264f33305004495a9","hash":"82601e5074246add9dade744cd8986dff8efff60"}
,"D:\\Hacktiv8\\Phase2\\IP-RMT42\\server\\models\\user.js": {"path":"D:\\Hacktiv8\\Phase2\\IP-RMT42\\server\\models\\user.js","statementMap":{"0":{"start":{"line":4,"column":4},"end":{"line":4,"column":24}},"1":{"start":{"line":5,"column":25},"end":{"line":5,"column":52}},"2":{"start":{"line":6,"column":0},"end":{"line":77,"column":2}},"3":{"start":{"line":15,"column":6},"end":{"line":15,"column":33}},"4":{"start":{"line":16,"column":6},"end":{"line":16,"column":55}},"5":{"start":{"line":17,"column":6},"end":{"line":17,"column":58}},"6":{"start":{"line":20,"column":2},"end":{"line":71,"column":5}},"7":{"start":{"line":73,"column":2},"end":{"line":75,"column":4}},"8":{"start":{"line":74,"column":4},"end":{"line":74,"column":55}},"9":{"start":{"line":76,"column":2},"end":{"line":76,"column":14}}},"fnMap":{"0":{"name":"(anonymous_0)","decl":{"start":{"line":6,"column":17},"end":{"line":6,"column":18}},"loc":{"start":{"line":6,"column":43},"end":{"line":77,"column":1}},"line":6},"1":{"name":"(anonymous_1)","decl":{"start":{"line":13,"column":4},"end":{"line":13,"column":5}},"loc":{"start":{"line":13,"column":29},"end":{"line":18,"column":5}},"line":13},"2":{"name":"(anonymous_2)","decl":{"start":{"line":73,"column":20},"end":{"line":73,"column":21}},"loc":{"start":{"line":73,"column":32},"end":{"line":75,"column":3}},"line":73}},"branchMap":{},"s":{"0":13,"1":13,"2":13,"3":13,"4":13,"5":13,"6":13,"7":13,"8":16,"9":13},"f":{"0":13,"1":13,"2":16},"b":{},"_coverageSchema":"1a1c01bbd47fc00a2c39e90264f33305004495a9","hash":"b8d9e58b7798dc9ddb4844d4ef6182a0798b2c4a"}
,"D:\\Hacktiv8\\Phase2\\IP-RMT42\\server\\routes\\index.js": {"path":"D:\\Hacktiv8\\Phase2\\IP-RMT42\\server\\routes\\index.js","statementMap":{"0":{"start":{"line":1,"column":27},"end":{"line":1,"column":61}},"1":{"start":{"line":2,"column":26},"end":{"line":2,"column":59}},"2":{"start":{"line":3,"column":23},"end":{"line":3,"column":53}},"3":{"start":{"line":4,"column":26},"end":{"line":4,"column":59}},"4":{"start":{"line":5,"column":23},"end":{"line":5,"column":53}},"5":{"start":{"line":6,"column":21},"end":{"line":6,"column":59}},"6":{"start":{"line":7,"column":23},"end":{"line":7,"column":63}},"7":{"start":{"line":8,"column":95},"end":{"line":8,"column":134}},"8":{"start":{"line":10,"column":15},"end":{"line":10,"column":42}},"9":{"start":{"line":12,"column":0},"end":{"line":12,"column":43}},"10":{"start":{"line":13,"column":0},"end":{"line":13,"column":49}},"11":{"start":{"line":14,"column":0},"end":{"line":14,"column":55}},"12":{"start":{"line":15,"column":0},"end":{"line":15,"column":46}},"13":{"start":{"line":17,"column":0},"end":{"line":17,"column":26}},"14":{"start":{"line":19,"column":0},"end":{"line":19,"column":60}},"15":{"start":{"line":20,"column":0},"end":{"line":20,"column":54}},"16":{"start":{"line":21,"column":0},"end":{"line":21,"column":62}},"17":{"start":{"line":22,"column":0},"end":{"line":22,"column":90}},"18":{"start":{"line":24,"column":0},"end":{"line":24,"column":60}},"19":{"start":{"line":25,"column":0},"end":{"line":25,"column":56}},"20":{"start":{"line":27,"column":0},"end":{"line":27,"column":42}},"21":{"start":{"line":28,"column":0},"end":{"line":28,"column":75}},"22":{"start":{"line":29,"column":0},"end":{"line":29,"column":48}},"23":{"start":{"line":30,"column":0},"end":{"line":30,"column":75}},"24":{"start":{"line":32,"column":0},"end":{"line":32,"column":66}},"25":{"start":{"line":33,"column":0},"end":{"line":33,"column":105}},"26":{"start":{"line":35,"column":0},"end":{"line":35,"column":24}},"27":{"start":{"line":37,"column":0},"end":{"line":37,"column":23}}},"fnMap":{},"branchMap":{},"s":{"0":13,"1":13,"2":13,"3":13,"4":13,"5":13,"6":13,"7":13,"8":13,"9":13,"10":13,"11":13,"12":13,"13":13,"14":13,"15":13,"16":13,"17":13,"18":13,"19":13,"20":13,"21":13,"22":13,"23":13,"24":13,"25":13,"26":13,"27":13},"f":{},"b":{},"_coverageSchema":"1a1c01bbd47fc00a2c39e90264f33305004495a9","hash":"1ace3000271a6ed678207c9bdfc3bbde24671baa"}
}
