TN:
SF:app.js
FNF:0
FNH:0
DA:1,3
DA:2,3
DA:5,3
DA:6,3
DA:7,3
DA:8,3
DA:10,3
DA:12,3
DA:13,3
DA:14,3
DA:17,3
DA:26,3
DA:27,3
DA:28,3
DA:55,3
DA:74,3
DA:76,3
LF:17
LH:17
BRDA:1,0,0,3
BRDA:1,0,1,0
BRF:2
BRH:1
end_of_record
TN:
SF:controllers\InventoryController.js
FN:4,(anonymous_0)
FN:20,(anonymous_1)
FN:62,(anonymous_2)
FNF:3
FNH:3
FNDA:1,(anonymous_0)
FNDA:1,(anonymous_1)
FNDA:1,(anonymous_2)
DA:1,3
DA:2,3
DA:5,1
DA:6,1
DA:14,1
DA:16,0
DA:21,1
DA:22,1
DA:23,1
DA:28,1
DA:29,1
DA:32,0
DA:33,0
DA:40,0
DA:41,0
DA:43,0
DA:44,0
DA:47,0
DA:50,0
DA:51,0
DA:52,0
DA:53,0
DA:55,0
DA:56,0
DA:58,1
DA:63,1
DA:64,1
DA:65,1
DA:68,1
DA:69,0
DA:71,1
DA:73,0
DA:78,3
LF:33
LH:17
BRDA:28,0,0,1
BRDA:28,0,1,0
BRDA:40,1,0,0
BRDA:40,1,1,0
BRDA:43,2,0,0
BRDA:43,2,1,0
BRDA:52,3,0,0
BRDA:52,3,1,0
BRDA:68,4,0,0
BRDA:68,4,1,1
BRF:10
BRH:2
end_of_record
TN:
SF:controllers\MusicKitController.js
FN:5,(anonymous_0)
FN:30,(anonymous_1)
FNF:2
FNH:2
FNDA:1,(anonymous_0)
FNDA:2,(anonymous_1)
DA:1,3
DA:2,3
DA:6,1
DA:7,1
DA:8,1
DA:9,1
DA:11,1
DA:15,1
DA:16,0
DA:23,1
DA:24,1
DA:26,0
DA:31,2
DA:32,2
DA:33,2
DA:34,2
DA:35,1
DA:37,1
DA:39,1
DA:44,3
LF:20
LH:18
BRDA:7,0,0,1
BRDA:15,1,0,0
BRDA:15,1,1,1
BRDA:34,2,0,1
BRDA:34,2,1,1
BRF:5
BRH:4
end_of_record
TN:
SF:controllers\PaymentController.js
FN:6,(anonymous_0)
FN:9,(anonymous_1)
FN:14,(anonymous_2)
FNF:3
FNH:1
FNDA:0,(anonymous_0)
FNDA:3,(anonymous_1)
FNDA:0,(anonymous_2)
DA:1,3
DA:2,3
DA:5,3
DA:7,0
DA:10,3
DA:15,0
DA:16,0
DA:17,0
DA:19,0
DA:20,0
DA:21,0
DA:22,0
DA:24,0
DA:30,0
DA:32,0
DA:40,0
DA:53,0
DA:54,0
DA:56,0
DA:61,3
LF:20
LH:5
BRDA:21,0,0,0
BRDA:21,0,1,0
BRF:2
BRH:0
end_of_record
TN:
SF:controllers\UserController.js
FN:10,(anonymous_0)
FN:23,(anonymous_1)
FN:49,(anonymous_2)
FNF:3
FNH:3
FNDA:7,(anonymous_0)
FNDA:7,(anonymous_1)
FNDA:1,(anonymous_2)
DA:1,3
DA:2,3
DA:3,3
DA:4,3
DA:5,3
DA:6,3
DA:7,3
DA:11,7
DA:12,7
DA:13,7
DA:14,5
DA:15,3
DA:16,3
DA:17,1
DA:19,6
DA:24,7
DA:25,7
DA:26,7
DA:27,5
DA:29,3
DA:34,3
DA:35,1
DA:38,2
DA:39,2
DA:40,1
DA:42,1
DA:43,1
DA:45,6
DA:50,1
DA:51,1
DA:55,0
DA:57,0
DA:61,0
DA:62,0
DA:68,0
DA:69,0
DA:71,1
DA:76,3
LF:38
LH:32
BRDA:13,0,0,2
BRDA:13,0,1,5
BRDA:14,1,0,2
BRDA:14,1,1,3
BRDA:26,2,0,2
BRDA:26,2,1,5
BRDA:27,3,0,2
BRDA:27,3,1,3
BRDA:34,4,0,1
BRDA:34,4,1,2
BRDA:39,5,0,1
BRDA:39,5,1,1
BRDA:61,6,0,0
BRDA:61,6,1,0
BRF:14
BRH:12
end_of_record
TN:
SF:helpers\bcrypt.js
FN:2,(anonymous_0)
FN:8,(anonymous_1)
FNF:2
FNH:2
FNDA:3,(anonymous_0)
FNDA:2,(anonymous_1)
DA:1,3
DA:2,3
DA:3,3
DA:4,3
DA:5,3
DA:8,3
DA:9,2
DA:12,3
LF:8
LH:8
BRF:0
BRH:0
end_of_record
TN:
SF:helpers\jwt.js
FN:3,(anonymous_0)
FN:7,(anonymous_1)
FNF:2
FNH:2
FNDA:5,(anonymous_0)
FNDA:9,(anonymous_1)
DA:1,3
DA:2,3
DA:3,3
DA:4,5
DA:7,3
DA:8,9
DA:11,3
LF:7
LH:7
BRF:0
BRH:0
end_of_record
TN:
SF:middlewares\authentication.js
FN:4,authentication
FNF:1
FNH:1
FNDA:12,authentication
DA:1,3
DA:2,3
DA:5,12
DA:6,12
DA:7,12
DA:8,3
DA:11,9
DA:12,8
DA:13,8
DA:14,0
DA:17,8
DA:21,8
DA:23,4
DA:27,3
LF:14
LH:13
BRDA:7,0,0,3
BRDA:7,0,1,9
BRDA:13,1,0,0
BRDA:13,1,1,8
BRF:4
BRH:3
end_of_record
TN:
SF:middlewares\authorization.js
FN:3,authorization
FNF:1
FNH:1
FNDA:3,authorization
DA:1,3
DA:4,3
DA:5,3
DA:6,3
DA:7,2
DA:8,1
DA:10,2
DA:14,3
LF:8
LH:8
BRDA:6,0,0,1
BRDA:6,0,1,2
BRDA:7,1,0,1
BRDA:7,1,1,1
BRF:4
BRH:4
end_of_record
TN:
SF:middlewares\errorHandler.js
FN:1,errorHandler
FNF:1
FNH:1
FNDA:21,errorHandler
DA:3,21
DA:5,1
DA:6,1
DA:8,1
DA:9,1
DA:12,8
DA:13,8
DA:16,4
DA:17,4
DA:19,2
DA:20,2
DA:22,0
DA:23,0
DA:25,1
DA:26,1
DA:28,3
DA:29,3
DA:31,1
DA:35,3
LF:19
LH:17
BRDA:3,0,0,1
BRDA:3,0,1,1
BRDA:3,0,2,4
BRDA:3,0,3,8
BRDA:3,0,4,3
BRDA:3,0,5,4
BRDA:3,0,6,2
BRDA:3,0,7,0
BRDA:3,0,8,1
BRDA:3,0,9,3
BRDA:3,0,10,1
BRF:11
BRH:10
end_of_record
TN:
SF:models\index.js
FN:21,(anonymous_0)
FN:29,(anonymous_1)
FN:34,(anonymous_2)
FNF:3
FNH:3
FNDA:15,(anonymous_0)
FNDA:12,(anonymous_1)
FNDA:12,(anonymous_2)
DA:3,3
DA:4,3
DA:5,3
DA:6,3
DA:7,3
DA:8,3
DA:9,3
DA:10,3
DA:13,3
DA:14,0
DA:16,3
DA:19,3
DA:22,15
DA:30,12
DA:31,12
DA:34,3
DA:35,12
DA:36,12
DA:40,3
DA:41,3
DA:43,3
LF:21
LH:20
BRDA:8,0,0,3
BRDA:8,0,1,0
BRDA:13,1,0,0
BRDA:13,1,1,3
BRDA:23,2,0,15
BRDA:23,2,1,15
BRDA:23,2,2,12
BRDA:23,2,3,12
BRDA:35,3,0,12
BRDA:35,3,1,0
BRF:10
BRH:7
end_of_record
TN:
SF:models\inventory.js
FN:5,(anonymous_0)
FN:12,(anonymous_1)
FNF:2
FNH:2
FNDA:3,(anonymous_0)
FNDA:3,(anonymous_1)
DA:4,3
DA:5,3
DA:14,3
DA:15,3
DA:18,3
DA:39,3
LF:6
LH:6
BRF:0
BRH:0
end_of_record
TN:
SF:models\musickit.js
FN:5,(anonymous_0)
FN:12,(anonymous_1)
FNF:2
FNH:2
FNDA:3,(anonymous_0)
FNDA:3,(anonymous_1)
DA:4,3
DA:5,3
DA:14,3
DA:17,3
DA:42,3
LF:5
LH:5
BRF:0
BRH:0
end_of_record
TN:
SF:models\order.js
FN:5,(anonymous_0)
FN:12,(anonymous_1)
FNF:2
FNH:2
FNDA:3,(anonymous_0)
FNDA:3,(anonymous_1)
DA:4,3
DA:5,3
DA:14,3
DA:15,3
DA:18,3
DA:36,3
LF:6
LH:6
BRF:0
BRH:0
end_of_record
TN:
SF:models\user.js
FN:5,(anonymous_0)
FN:12,(anonymous_1)
FNF:2
FNH:2
FNDA:3,(anonymous_0)
FNDA:3,(anonymous_1)
DA:4,3
DA:5,3
DA:14,3
DA:17,3
DA:40,3
LF:5
LH:5
BRF:0
BRH:0
end_of_record
TN:
SF:routes\router.js
FN:14,(anonymous_0)
FN:30,(anonymous_1)
FNF:2
FNH:0
FNDA:0,(anonymous_0)
FNDA:0,(anonymous_1)
DA:1,3
DA:2,3
DA:3,3
DA:4,3
DA:5,3
DA:6,3
DA:7,3
DA:8,3
DA:9,3
DA:10,3
DA:11,3
DA:14,3
DA:15,0
DA:19,3
DA:20,3
DA:21,3
DA:23,3
DA:25,3
DA:31,0
DA:32,0
DA:35,0
DA:36,0
DA:44,3
DA:47,3
DA:48,3
DA:51,3
DA:52,3
DA:53,3
DA:56,3
DA:58,3
DA:60,3
LF:31
LH:26
BRF:0
BRH:0
end_of_record
