TN:
SF:app.js
FNF:0
FNH:0
DA:1,13
DA:2,13
DA:5,13
DA:6,13
DA:7,13
DA:8,13
DA:10,13
DA:11,13
DA:12,13
DA:14,13
DA:16,13
LF:11
LH:11
BRDA:1,0,0,13
BRDA:1,0,1,0
BRF:2
BRH:1
end_of_record
TN:
SF:controllers\category.js
FN:5,(anonymous_0)
FN:14,(anonymous_1)
FNF:2
FNH:2
FNDA:3,(anonymous_0)
FNDA:1,(anonymous_1)
DA:1,13
DA:2,13
DA:6,3
DA:7,3
DA:8,1
DA:10,2
DA:15,1
DA:16,1
DA:17,1
DA:19,0
DA:25,13
LF:11
LH:10
BRF:0
BRH:0
end_of_record
TN:
SF:controllers\comment.js
FN:4,(anonymous_0)
FN:19,(anonymous_1)
FNF:2
FNH:2
FNDA:2,(anonymous_0)
FNDA:1,(anonymous_1)
DA:1,13
DA:5,2
DA:6,2
DA:7,2
DA:8,2
DA:9,2
DA:10,1
DA:12,1
DA:13,1
DA:15,1
DA:20,1
DA:21,1
DA:22,1
DA:23,1
DA:24,0
DA:27,1
DA:28,1
DA:30,0
DA:31,0
DA:36,13
LF:20
LH:17
BRDA:9,0,0,1
BRDA:9,0,1,1
BRDA:23,1,0,0
BRDA:23,1,1,1
BRF:4
BRH:3
end_of_record
TN:
SF:controllers\post.js
FN:5,(anonymous_0)
FN:16,(anonymous_1)
FN:76,(anonymous_2)
FN:103,(anonymous_3)
FNF:4
FNH:4
FNDA:3,(anonymous_0)
FNDA:1,(anonymous_1)
FNDA:1,(anonymous_2)
FNDA:1,(anonymous_3)
DA:1,13
DA:2,13
DA:6,3
DA:7,3
DA:9,3
DA:10,1
DA:12,2
DA:17,1
DA:18,1
DA:19,1
DA:21,1
DA:22,0
DA:28,1
DA:29,0
DA:30,1
DA:31,0
DA:38,1
DA:39,1
DA:42,1
DA:43,1
DA:46,1
DA:48,1
DA:49,1
DA:51,1
DA:69,1
DA:71,0
DA:72,0
DA:77,1
DA:78,1
DA:79,1
DA:93,1
DA:94,0
DA:97,1
DA:99,0
DA:104,1
DA:105,1
DA:106,1
DA:107,1
DA:108,0
DA:111,1
DA:112,1
DA:113,1
DA:115,0
DA:120,13
LF:44
LH:35
BRDA:21,0,0,0
BRDA:21,0,1,1
BRDA:21,1,0,1
BRDA:21,1,1,0
BRDA:28,2,0,0
BRDA:28,2,1,1
BRDA:30,3,0,0
BRDA:30,3,1,1
BRDA:38,4,0,1
BRDA:38,4,1,0
BRDA:42,5,0,1
BRDA:42,5,1,0
BRDA:93,6,0,0
BRDA:93,6,1,1
BRDA:107,7,0,0
BRDA:107,7,1,1
BRF:16
BRH:8
end_of_record
TN:
SF:controllers\profile.js
FN:5,(anonymous_0)
FN:24,(anonymous_1)
FNF:2
FNH:2
FNDA:3,(anonymous_0)
FNDA:1,(anonymous_1)
DA:1,13
DA:6,3
DA:7,3
DA:8,3
DA:10,3
DA:11,3
DA:12,0
DA:15,3
DA:17,3
DA:18,1
DA:20,2
DA:25,1
DA:26,1
DA:27,1
DA:28,1
DA:29,0
DA:32,1
DA:41,1
DA:43,0
DA:48,13
LF:20
LH:17
BRDA:11,0,0,0
BRDA:11,0,1,3
BRDA:28,1,0,0
BRDA:28,1,1,1
BRF:4
BRH:2
end_of_record
TN:
SF:controllers\user.js
FN:10,(anonymous_0)
FN:43,(anonymous_1)
FN:74,(anonymous_2)
FN:88,(anonymous_3)
FN:113,(anonymous_4)
FNF:5
FNH:3
FNDA:4,(anonymous_0)
FNDA:0,(anonymous_1)
FNDA:10,(anonymous_2)
FNDA:1,(anonymous_3)
FNDA:0,(anonymous_4)
DA:1,13
DA:2,13
DA:3,13
DA:4,13
DA:5,13
DA:6,13
DA:7,13
DA:11,4
DA:12,4
DA:13,4
DA:14,1
DA:16,3
DA:17,1
DA:20,2
DA:21,2
DA:22,1
DA:25,1
DA:26,1
DA:27,1
DA:28,0
DA:31,0
DA:32,0
DA:36,1
DA:37,1
DA:39,3
DA:44,0
DA:45,0
DA:49,0
DA:50,0
DA:52,0
DA:53,0
DA:54,0
DA:59,0
DA:60,0
DA:62,0
DA:63,0
DA:67,0
DA:68,0
DA:70,0
DA:75,10
DA:76,10
DA:77,10
DA:79,10
DA:80,10
DA:81,1
DA:82,1
DA:84,9
DA:89,1
DA:90,1
DA:91,1
DA:92,1
DA:93,1
DA:95,1
DA:96,0
DA:99,1
DA:100,0
DA:103,1
DA:104,1
DA:106,1
DA:108,0
DA:109,0
DA:114,0
DA:115,0
DA:116,0
DA:117,0
DA:119,0
DA:124,0
DA:126,0
DA:141,0
DA:143,0
DA:144,0
DA:147,0
DA:154,13
LF:73
LH:41
BRDA:13,0,0,1
BRDA:13,0,1,3
BRDA:16,1,0,1
BRDA:16,1,1,2
BRDA:21,2,0,1
BRDA:21,2,1,1
BRDA:25,3,0,1
BRDA:25,3,1,0
BRDA:27,4,0,0
BRDA:27,4,1,1
BRDA:31,5,0,0
BRDA:31,5,1,0
BRDA:53,6,0,0
BRDA:53,6,1,0
BRDA:95,7,0,0
BRDA:95,7,1,1
BRDA:99,8,0,0
BRDA:99,8,1,1
BRDA:143,9,0,0
BRDA:143,9,1,0
BRF:20
BRH:10
end_of_record
TN:
SF:helper\bcrypt.js
FN:3,(anonymous_0)
FN:8,(anonymous_1)
FNF:2
FNH:2
FNDA:16,(anonymous_0)
FNDA:1,(anonymous_1)
DA:1,13
DA:3,13
DA:4,16
DA:5,16
DA:8,13
DA:9,1
DA:12,13
LF:7
LH:7
BRF:0
BRH:0
end_of_record
TN:
SF:helper\dicebear.js
FN:4,getProfileImg
FNF:1
FNH:1
FNDA:10,getProfileImg
DA:1,13
DA:5,10
DA:6,10
DA:7,10
DA:8,10
DA:11,0
DA:15,13
LF:7
LH:6
BRDA:7,0,0,10
BRDA:7,0,1,0
BRF:2
BRH:1
end_of_record
TN:
SF:helper\jwt.js
FN:5,(anonymous_0)
FN:9,(anonymous_1)
FNF:2
FNH:2
FNDA:12,(anonymous_0)
FNDA:21,(anonymous_1)
DA:1,13
DA:3,13
DA:5,13
DA:6,12
DA:9,13
DA:10,21
DA:13,13
LF:7
LH:7
BRF:0
BRH:0
end_of_record
TN:
SF:middlewares\authentication.js
FN:4,authentication
FNF:1
FNH:1
FNDA:21,authentication
DA:1,13
DA:2,13
DA:5,21
DA:6,21
DA:7,0
DA:10,21
DA:11,21
DA:12,21
DA:13,21
DA:14,1
DA:17,20
DA:25,20
DA:27,1
DA:31,13
LF:14
LH:13
BRDA:6,0,0,0
BRDA:6,0,1,21
BRDA:13,1,0,1
BRDA:13,1,1,20
BRF:4
BRH:3
end_of_record
TN:
SF:middlewares\authorization.js
FN:3,profileAuthorization
FN:17,postAuthorization
FN:37,statusAuthorization
FN:74,commentAuthorization
FNF:4
FNH:4
FNDA:3,profileAuthorization
FNDA:1,postAuthorization
FNDA:2,statusAuthorization
FNDA:2,commentAuthorization
DA:1,13
DA:4,3
DA:5,3
DA:6,3
DA:7,3
DA:8,0
DA:11,3
DA:13,0
DA:18,1
DA:19,1
DA:20,1
DA:21,1
DA:22,1
DA:23,0
DA:26,1
DA:27,0
DA:30,1
DA:32,0
DA:38,2
DA:39,2
DA:40,0
DA:43,2
DA:44,2
DA:45,2
DA:46,2
DA:47,1
DA:50,1
DA:52,1
DA:53,0
DA:56,1
DA:57,0
DA:60,1
DA:61,1
DA:64,0
DA:65,0
DA:68,0
DA:70,1
DA:75,2
DA:76,2
DA:77,2
DA:79,2
DA:80,2
DA:81,1
DA:84,1
DA:85,0
DA:88,1
DA:90,1
DA:94,13
LF:48
LH:36
BRDA:7,0,0,0
BRDA:7,0,1,3
BRDA:22,1,0,0
BRDA:22,1,1,1
BRDA:26,2,0,0
BRDA:26,2,1,1
BRDA:39,3,0,0
BRDA:39,3,1,2
BRDA:46,4,0,1
BRDA:46,4,1,1
BRDA:52,5,0,0
BRDA:52,5,1,1
BRDA:56,6,0,0
BRDA:56,6,1,1
BRDA:60,7,0,1
BRDA:60,7,1,0
BRDA:64,8,0,0
BRDA:64,8,1,0
BRDA:80,9,0,1
BRDA:80,9,1,1
BRDA:84,10,0,0
BRDA:84,10,1,1
BRF:22
BRH:12
end_of_record
TN:
SF:middlewares\errorHandler.js
FN:2,errorHandler
FNF:1
FNH:1
FNDA:22,errorHandler
DA:3,22
DA:5,2
DA:6,2
DA:8,1
DA:9,1
DA:11,3
DA:12,3
DA:14,0
DA:15,0
DA:18,15
DA:19,1
DA:20,14
DA:21,1
DA:23,13
DA:25,15
DA:27,1
DA:28,1
DA:30,0
DA:31,0
DA:33,0
DA:34,0
DA:38,13
LF:22
LH:16
BRDA:3,0,0,2
BRDA:3,0,1,1
BRDA:3,0,2,3
BRDA:3,0,3,0
BRDA:3,0,4,13
BRDA:3,0,5,15
BRDA:3,0,6,1
BRDA:3,0,7,0
BRDA:3,0,8,0
BRDA:18,1,0,1
BRDA:18,1,1,14
BRDA:20,2,0,1
BRDA:20,2,1,13
BRF:13
BRH:10
end_of_record
TN:
SF:models\category.js
FN:5,(anonymous_0)
FN:12,(anonymous_1)
FNF:2
FNH:2
FNDA:13,(anonymous_0)
FNDA:13,(anonymous_1)
DA:4,13
DA:5,13
DA:14,13
DA:17,13
DA:34,13
LF:5
LH:5
BRF:0
BRH:0
end_of_record
TN:
SF:models\comment.js
FN:5,(anonymous_0)
FN:12,(anonymous_1)
FNF:2
FNH:2
FNDA:13,(anonymous_0)
FNDA:13,(anonymous_1)
DA:4,13
DA:5,13
DA:14,13
DA:15,13
DA:18,13
DA:26,13
LF:6
LH:6
BRF:0
BRH:0
end_of_record
TN:
SF:models\index.js
FN:21,(anonymous_0)
FN:29,(anonymous_1)
FN:34,(anonymous_2)
FNF:3
FNH:3
FNDA:78,(anonymous_0)
FNDA:65,(anonymous_1)
FNDA:65,(anonymous_2)
DA:3,13
DA:4,13
DA:5,13
DA:6,13
DA:7,13
DA:8,13
DA:9,13
DA:10,13
DA:13,13
DA:14,0
DA:16,13
DA:19,13
DA:22,78
DA:30,65
DA:31,65
DA:34,13
DA:35,65
DA:36,65
DA:40,13
DA:41,13
DA:43,13
LF:21
LH:20
BRDA:8,0,0,13
BRDA:8,0,1,0
BRDA:13,1,0,0
BRDA:13,1,1,13
BRDA:23,2,0,78
BRDA:23,2,1,78
BRDA:23,2,2,65
BRDA:23,2,3,65
BRDA:35,3,0,65
BRDA:35,3,1,0
BRF:10
BRH:7
end_of_record
TN:
SF:models\post.js
FN:5,(anonymous_0)
FN:12,(anonymous_1)
FNF:2
FNH:2
FNDA:13,(anonymous_0)
FNDA:13,(anonymous_1)
DA:4,13
DA:5,13
DA:14,13
DA:15,13
DA:16,13
DA:19,13
DA:62,13
LF:7
LH:7
BRF:0
BRH:0
end_of_record
TN:
SF:models\profile.js
FN:5,(anonymous_0)
FN:12,(anonymous_1)
FNF:2
FNH:2
FNDA:13,(anonymous_0)
FNDA:13,(anonymous_1)
DA:4,13
DA:5,13
DA:14,13
DA:17,13
DA:50,13
LF:5
LH:5
BRF:0
BRH:0
end_of_record
TN:
SF:models\user.js
FN:6,(anonymous_0)
FN:13,(anonymous_1)
FN:73,(anonymous_2)
FNF:3
FNH:3
FNDA:13,(anonymous_0)
FNDA:13,(anonymous_1)
FNDA:16,(anonymous_2)
DA:4,13
DA:5,13
DA:6,13
DA:15,13
DA:16,13
DA:17,13
DA:20,13
DA:73,13
DA:74,16
DA:76,13
LF:10
LH:10
BRF:0
BRH:0
end_of_record
TN:
SF:routes\index.js
FNF:0
FNH:0
DA:1,13
DA:2,13
DA:3,13
DA:4,13
DA:5,13
DA:6,13
DA:7,13
DA:8,13
DA:10,13
DA:12,13
DA:13,13
DA:14,13
DA:15,13
DA:17,13
DA:19,13
DA:20,13
DA:21,13
DA:22,13
DA:24,13
DA:25,13
DA:27,13
DA:28,13
DA:29,13
DA:30,13
DA:32,13
DA:33,13
DA:35,13
DA:37,13
LF:28
LH:28
BRF:0
BRH:0
end_of_record
